{"C:\\Users\\Lauta\\OneDrive\\Escritorio\\Lemon\\LemonFE\\src\\App.tsx": {"path":"C:\\Users\\Lauta\\OneDrive\\Escritorio\\Lemon\\LemonFE\\src\\App.tsx","statementMap":{"0":{"start":{"line":5,"column":2},"end":{"line":9,"column":4}}},"fnMap":{"0":{"name":"App","decl":{"start":{"line":4,"column":9},"end":{"line":4,"column":12}},"loc":{"start":{"line":4,"column":12},"end":{"line":10,"column":1}}}},"branchMap":{},"s":{"0":0},"f":{"0":0},"b":{}}
,"C:\\Users\\Lauta\\OneDrive\\Escritorio\\Lemon\\LemonFE\\src\\global.d.ts": {"path":"C:\\Users\\Lauta\\OneDrive\\Escritorio\\Lemon\\LemonFE\\src\\global.d.ts","statementMap":{},"fnMap":{},"branchMap":{},"s":{},"f":{},"b":{}}
,"C:\\Users\\Lauta\\OneDrive\\Escritorio\\Lemon\\LemonFE\\src\\api\\axios.ts": {"path":"C:\\Users\\Lauta\\OneDrive\\Escritorio\\Lemon\\LemonFE\\src\\api\\axios.ts","statementMap":{"0":{"start":{"line":1,"column":0},"end":{"line":1,"column":26}},"1":{"start":{"line":2,"column":0},"end":{"line":2,"column":46}},"2":{"start":{"line":3,"column":0},"end":{"line":3,"column":42}},"3":{"start":{"line":5,"column":23},"end":{"line":5,"column":46}},"4":{"start":{"line":6,"column":13},"end":{"line":6,"column":32}},"5":{"start":{"line":8,"column":25},"end":{"line":10,"column":6}},"6":{"start":{"line":11,"column":16},"end":{"line":11,"column":71}},"7":{"start":{"line":13,"column":12},"end":{"line":16,"column":2}},"8":{"start":{"line":18,"column":0},"end":{"line":27,"column":2}},"9":{"start":{"line":20,"column":18},"end":{"line":20,"column":28}},"10":{"start":{"line":21,"column":4},"end":{"line":23,"column":5}},"11":{"start":{"line":22,"column":6},"end":{"line":22,"column":55}},"12":{"start":{"line":24,"column":4},"end":{"line":24,"column":18}},"13":{"start":{"line":26,"column":13},"end":{"line":26,"column":34}},"14":{"start":{"line":29,"column":0},"end":{"line":29,"column":19}}},"fnMap":{"0":{"name":"(anonymous_1)","decl":{"start":{"line":19,"column":2},"end":{"line":19,"column":3}},"loc":{"start":{"line":19,"column":13},"end":{"line":25,"column":3}}},"1":{"name":"(anonymous_2)","decl":{"start":{"line":26,"column":2},"end":{"line":26,"column":3}},"loc":{"start":{"line":26,"column":13},"end":{"line":26,"column":34}}}},"branchMap":{"0":{"loc":{"start":{"line":8,"column":25},"end":{"line":10,"column":6}},"type":"cond-expr","locations":[{"start":{"line":9,"column":4},"end":{"line":9,"column":39}},{"start":{"line":10,"column":4},"end":{"line":10,"column":6}}]},"1":{"loc":{"start":{"line":11,"column":16},"end":{"line":11,"column":71}},"type":"cond-expr","locations":[{"start":{"line":11,"column":23},"end":{"line":11,"column":52}},{"start":{"line":11,"column":55},"end":{"line":11,"column":71}}]},"2":{"loc":{"start":{"line":21,"column":4},"end":{"line":23,"column":5}},"type":"if","locations":[{"start":{"line":21,"column":4},"end":{"line":23,"column":5}}]},"3":{"loc":{"start":{"line":21,"column":8},"end":{"line":21,"column":31}},"type":"binary-expr","locations":[{"start":{"line":21,"column":8},"end":{"line":21,"column":13}},{"start":{"line":21,"column":17},"end":{"line":21,"column":31}}]}},"s":{"0":1,"1":1,"2":1,"3":1,"4":1,"5":1,"6":1,"7":1,"8":1,"9":0,"10":0,"11":0,"12":0,"13":0,"14":1},"f":{"0":0,"1":0},"b":{"0":[0,1],"1":[0,1],"2":[0],"3":[0,0]}}
,"C:\\Users\\Lauta\\OneDrive\\Escritorio\\Lemon\\LemonFE\\src\\components\\index.ts": {"path":"C:\\Users\\Lauta\\OneDrive\\Escritorio\\Lemon\\LemonFE\\src\\components\\index.ts","statementMap":{"0":{"start":{"line":2,"column":0},"end":{"line":2,"column":9}},"1":{"start":{"line":2,"column":9},"end":{"line":2,"column":31}},"2":{"start":{"line":3,"column":0},"end":{"line":3,"column":9}},"3":{"start":{"line":3,"column":9},"end":{"line":3,"column":26}},"4":{"start":{"line":4,"column":0},"end":{"line":4,"column":9}},"5":{"start":{"line":4,"column":9},"end":{"line":4,"column":26}},"6":{"start":{"line":6,"column":0},"end":{"line":6,"column":9}},"7":{"start":{"line":6,"column":9},"end":{"line":6,"column":37}},"8":{"start":{"line":7,"column":0},"end":{"line":7,"column":9}},"9":{"start":{"line":7,"column":9},"end":{"line":7,"column":38}},"10":{"start":{"line":8,"column":0},"end":{"line":8,"column":9}},"11":{"start":{"line":8,"column":9},"end":{"line":8,"column":36}},"12":{"start":{"line":9,"column":0},"end":{"line":9,"column":9}},"13":{"start":{"line":9,"column":9},"end":{"line":9,"column":36}},"14":{"start":{"line":10,"column":0},"end":{"line":10,"column":9}},"15":{"start":{"line":10,"column":9},"end":{"line":10,"column":37}},"16":{"start":{"line":11,"column":0},"end":{"line":11,"column":9}},"17":{"start":{"line":11,"column":9},"end":{"line":11,"column":30}},"18":{"start":{"line":12,"column":0},"end":{"line":12,"column":9}},"19":{"start":{"line":12,"column":9},"end":{"line":12,"column":28}},"20":{"start":{"line":13,"column":0},"end":{"line":13,"column":9}},"21":{"start":{"line":13,"column":9},"end":{"line":13,"column":30}},"22":{"start":{"line":14,"column":0},"end":{"line":14,"column":9}},"23":{"start":{"line":14,"column":9},"end":{"line":14,"column":27}}},"fnMap":{"0":{"name":"(anonymous_1)","decl":{"start":{"line":2,"column":9},"end":{"line":2,"column":16}},"loc":{"start":{"line":2,"column":9},"end":{"line":2,"column":31}}},"1":{"name":"(anonymous_2)","decl":{"start":{"line":3,"column":9},"end":{"line":3,"column":16}},"loc":{"start":{"line":3,"column":9},"end":{"line":3,"column":26}}},"2":{"name":"(anonymous_3)","decl":{"start":{"line":4,"column":9},"end":{"line":4,"column":16}},"loc":{"start":{"line":4,"column":9},"end":{"line":4,"column":26}}},"3":{"name":"(anonymous_4)","decl":{"start":{"line":6,"column":9},"end":{"line":6,"column":16}},"loc":{"start":{"line":6,"column":9},"end":{"line":6,"column":37}}},"4":{"name":"(anonymous_5)","decl":{"start":{"line":7,"column":9},"end":{"line":7,"column":16}},"loc":{"start":{"line":7,"column":9},"end":{"line":7,"column":38}}},"5":{"name":"(anonymous_6)","decl":{"start":{"line":8,"column":9},"end":{"line":8,"column":16}},"loc":{"start":{"line":8,"column":9},"end":{"line":8,"column":36}}},"6":{"name":"(anonymous_7)","decl":{"start":{"line":9,"column":9},"end":{"line":9,"column":16}},"loc":{"start":{"line":9,"column":9},"end":{"line":9,"column":36}}},"7":{"name":"(anonymous_8)","decl":{"start":{"line":10,"column":9},"end":{"line":10,"column":16}},"loc":{"start":{"line":10,"column":9},"end":{"line":10,"column":37}}},"8":{"name":"(anonymous_9)","decl":{"start":{"line":11,"column":9},"end":{"line":11,"column":16}},"loc":{"start":{"line":11,"column":9},"end":{"line":11,"column":30}}},"9":{"name":"(anonymous_10)","decl":{"start":{"line":12,"column":9},"end":{"line":12,"column":16}},"loc":{"start":{"line":12,"column":9},"end":{"line":12,"column":28}}},"10":{"name":"(anonymous_11)","decl":{"start":{"line":13,"column":9},"end":{"line":13,"column":16}},"loc":{"start":{"line":13,"column":9},"end":{"line":13,"column":30}}},"11":{"name":"(anonymous_12)","decl":{"start":{"line":14,"column":9},"end":{"line":14,"column":16}},"loc":{"start":{"line":14,"column":9},"end":{"line":14,"column":27}}}},"branchMap":{},"s":{"0":1,"1":1,"2":1,"3":4,"4":1,"5":1,"6":1,"7":1,"8":1,"9":1,"10":1,"11":1,"12":1,"13":1,"14":1,"15":1,"16":1,"17":1,"18":1,"19":1,"20":1,"21":1,"22":1,"23":1},"f":{"0":0,"1":3,"2":0,"3":0,"4":0,"5":0,"6":0,"7":0,"8":0,"9":0,"10":0,"11":0},"b":{}}
,"C:\\Users\\Lauta\\OneDrive\\Escritorio\\Lemon\\LemonFE\\src\\components\\auth\\signIn.tsx": {"path":"C:\\Users\\Lauta\\OneDrive\\Escritorio\\Lemon\\LemonFE\\src\\components\\auth\\signIn.tsx","statementMap":{"0":{"start":{"line":1,"column":0},"end":{"line":1,"column":38}},"1":{"start":{"line":2,"column":0},"end":{"line":2,"column":62}},"2":{"start":{"line":3,"column":0},"end":{"line":3,"column":51}},"3":{"start":{"line":6,"column":46},"end":{"line":64,"column":1}},"4":{"start":{"line":11,"column":2},"end":{"line":11,"column":20}},"5":{"start":{"line":12,"column":19},"end":{"line":12,"column":49}},"6":{"start":{"line":13,"column":22},"end":{"line":13,"column":52}},"7":{"start":{"line":15,"column":2},"end":{"line":21,"column":5}},"8":{"start":{"line":23,"column":23},"end":{"line":30,"column":3}},"9":{"start":{"line":24,"column":4},"end":{"line":24,"column":23}},"10":{"start":{"line":25,"column":17},"end":{"line":25,"column":32}},"11":{"start":{"line":26,"column":18},"end":{"line":26,"column":47}},"12":{"start":{"line":27,"column":21},"end":{"line":27,"column":53}},"13":{"start":{"line":28,"column":4},"end":{"line":28,"column":36}},"14":{"start":{"line":29,"column":4},"end":{"line":29,"column":17}},"15":{"start":{"line":32,"column":2},"end":{"line":63,"column":4}},"16":{"start":{"line":66,"column":0},"end":{"line":66,"column":22}}},"fnMap":{"0":{"name":"(anonymous_0)","decl":{"start":{"line":6,"column":46},"end":{"line":6,"column":47}},"loc":{"start":{"line":10,"column":5},"end":{"line":64,"column":1}}},"1":{"name":"(anonymous_1)","decl":{"start":{"line":23,"column":23},"end":{"line":23,"column":28}},"loc":{"start":{"line":23,"column":69},"end":{"line":30,"column":3}}}},"branchMap":{"0":{"loc":{"start":{"line":8,"column":2},"end":{"line":8,"column":19}},"type":"default-arg","locations":[{"start":{"line":8,"column":17},"end":{"line":8,"column":19}}]},"1":{"loc":{"start":{"line":9,"column":2},"end":{"line":9,"column":22}},"type":"default-arg","locations":[{"start":{"line":9,"column":20},"end":{"line":9,"column":22}}]},"2":{"loc":{"start":{"line":26,"column":18},"end":{"line":26,"column":47}},"type":"binary-expr","locations":[{"start":{"line":26,"column":18},"end":{"line":26,"column":41}},{"start":{"line":26,"column":45},"end":{"line":26,"column":47}}]},"3":{"loc":{"start":{"line":27,"column":21},"end":{"line":27,"column":53}},"type":"binary-expr","locations":[{"start":{"line":27,"column":21},"end":{"line":27,"column":47}},{"start":{"line":27,"column":51},"end":{"line":27,"column":53}}]}},"s":{"0":1,"1":1,"2":1,"3":1,"4":3,"5":3,"6":3,"7":3,"8":3,"9":1,"10":1,"11":1,"12":1,"13":1,"14":1,"15":3,"16":1},"f":{"0":3,"1":1},"b":{"0":[2],"1":[2],"2":[1,0],"3":[1,0]}}
,"C:\\Users\\Lauta\\OneDrive\\Escritorio\\Lemon\\LemonFE\\src\\components\\auth\\signUp.tsx": {"path":"C:\\Users\\Lauta\\OneDrive\\Escritorio\\Lemon\\LemonFE\\src\\components\\auth\\signUp.tsx","statementMap":{"0":{"start":{"line":3,"column":0},"end":{"line":3,"column":47}},"1":{"start":{"line":4,"column":0},"end":{"line":4,"column":51}},"2":{"start":{"line":6,"column":38},"end":{"line":61,"column":1}},"3":{"start":{"line":7,"column":2},"end":{"line":7,"column":20}},"4":{"start":{"line":9,"column":23},"end":{"line":19,"column":3}},"5":{"start":{"line":10,"column":4},"end":{"line":10,"column":23}},"6":{"start":{"line":11,"column":17},"end":{"line":11,"column":32}},"7":{"start":{"line":12,"column":22},"end":{"line":13,"column":12}},"8":{"start":{"line":14,"column":19},"end":{"line":14,"column":78}},"9":{"start":{"line":15,"column":22},"end":{"line":16,"column":12}},"10":{"start":{"line":17,"column":4},"end":{"line":17,"column":46}},"11":{"start":{"line":18,"column":4},"end":{"line":18,"column":17}},"12":{"start":{"line":21,"column":2},"end":{"line":60,"column":4}},"13":{"start":{"line":63,"column":0},"end":{"line":63,"column":22}}},"fnMap":{"0":{"name":"(anonymous_0)","decl":{"start":{"line":6,"column":38},"end":{"line":6,"column":39}},"loc":{"start":{"line":6,"column":55},"end":{"line":61,"column":1}}},"1":{"name":"(anonymous_1)","decl":{"start":{"line":9,"column":23},"end":{"line":9,"column":28}},"loc":{"start":{"line":9,"column":69},"end":{"line":19,"column":3}}}},"branchMap":{},"s":{"0":1,"1":1,"2":1,"3":0,"4":0,"5":0,"6":0,"7":0,"8":0,"9":0,"10":0,"11":0,"12":0,"13":1},"f":{"0":0,"1":0},"b":{}}
,"C:\\Users\\Lauta\\OneDrive\\Escritorio\\Lemon\\LemonFE\\src\\components\\auth\\main\\authContent.tsx": {"path":"C:\\Users\\Lauta\\OneDrive\\Escritorio\\Lemon\\LemonFE\\src\\components\\auth\\main\\authContent.tsx","statementMap":{"0":{"start":{"line":2,"column":0},"end":{"line":2,"column":26}},"1":{"start":{"line":3,"column":0},"end":{"line":3,"column":66}},"2":{"start":{"line":4,"column":0},"end":{"line":4,"column":51}},"3":{"start":{"line":6,"column":30},"end":{"line":53,"column":1}},"4":{"start":{"line":16,"column":6},"end":{"line":16,"column":22}},"5":{"start":{"line":18,"column":2},"end":{"line":52,"column":4}},"6":{"start":{"line":27,"column":18},"end":{"line":27,"column":null}},"7":{"start":{"line":55,"column":0},"end":{"line":55,"column":27}}},"fnMap":{"0":{"name":"(anonymous_0)","decl":{"start":{"line":6,"column":30},"end":{"line":6,"column":33}},"loc":{"start":{"line":6,"column":35},"end":{"line":53,"column":1}}},"1":{"name":"(anonymous_1)","decl":{"start":{"line":26,"column":52},"end":{"line":26,"column":53}},"loc":{"start":{"line":27,"column":18},"end":{"line":27,"column":null}}}},"branchMap":{"0":{"loc":{"start":{"line":20,"column":40},"end":{"line":20,"column":70}},"type":"cond-expr","locations":[{"start":{"line":20,"column":51},"end":{"line":20,"column":65}},{"start":{"line":20,"column":68},"end":{"line":20,"column":70}}]},"1":{"loc":{"start":{"line":43,"column":13},"end":{"line":46,"column":null}},"type":"cond-expr","locations":[{"start":{"line":44,"column":14},"end":{"line":44,"column":54}},{"start":{"line":46,"column":14},"end":{"line":46,"column":54}}]}},"s":{"0":1,"1":1,"2":1,"3":1,"4":0,"5":0,"6":0,"7":1},"f":{"0":0,"1":0},"b":{"0":[0,0],"1":[0,0]}}
,"C:\\Users\\Lauta\\OneDrive\\Escritorio\\Lemon\\LemonFE\\src\\components\\collab\\collaboratorInviteModal.tsx": {"path":"C:\\Users\\Lauta\\OneDrive\\Escritorio\\Lemon\\LemonFE\\src\\components\\collab\\collaboratorInviteModal.tsx","statementMap":{"0":{"start":{"line":1,"column":0},"end":{"line":1,"column":41}},"1":{"start":{"line":2,"column":0},"end":{"line":2,"column":46}},"2":{"start":{"line":3,"column":0},"end":{"line":3,"column":35}},"3":{"start":{"line":5,"column":0},"end":{"line":5,"column":60}},"4":{"start":{"line":7,"column":72},"end":{"line":44,"column":1}},"5":{"start":{"line":12,"column":2},"end":{"line":18,"column":17}},"6":{"start":{"line":13,"column":18},"end":{"line":15,"column":13}},"7":{"start":{"line":14,"column":6},"end":{"line":14,"column":17}},"8":{"start":{"line":17,"column":4},"end":{"line":17,"column":37}},"9":{"start":{"line":17,"column":17},"end":{"line":17,"column":36}},"10":{"start":{"line":20,"column":2},"end":{"line":43,"column":4}},"11":{"start":{"line":22,"column":52},"end":{"line":22,"column":71}},"12":{"start":{"line":46,"column":0},"end":{"line":46,"column":39}}},"fnMap":{"0":{"name":"(anonymous_0)","decl":{"start":{"line":7,"column":72},"end":{"line":7,"column":73}},"loc":{"start":{"line":11,"column":5},"end":{"line":44,"column":1}}},"1":{"name":"(anonymous_1)","decl":{"start":{"line":12,"column":12},"end":{"line":12,"column":15}},"loc":{"start":{"line":12,"column":17},"end":{"line":18,"column":3}}},"2":{"name":"(anonymous_2)","decl":{"start":{"line":13,"column":29},"end":{"line":13,"column":32}},"loc":{"start":{"line":13,"column":34},"end":{"line":15,"column":5}}},"3":{"name":"(anonymous_3)","decl":{"start":{"line":17,"column":11},"end":{"line":17,"column":14}},"loc":{"start":{"line":17,"column":17},"end":{"line":17,"column":36}}},"4":{"name":"(anonymous_4)","decl":{"start":{"line":22,"column":45},"end":{"line":22,"column":46}},"loc":{"start":{"line":22,"column":52},"end":{"line":22,"column":71}}}},"branchMap":{},"s":{"0":2,"1":2,"2":2,"3":2,"4":2,"5":5,"6":5,"7":1,"8":5,"9":5,"10":5,"11":2,"12":2},"f":{"0":5,"1":5,"2":1,"3":5,"4":2},"b":{}}
,"C:\\Users\\Lauta\\OneDrive\\Escritorio\\Lemon\\LemonFE\\src\\components\\collab\\collaboratorList.tsx": {"path":"C:\\Users\\Lauta\\OneDrive\\Escritorio\\Lemon\\LemonFE\\src\\components\\collab\\collaboratorList.tsx","statementMap":{"0":{"start":{"line":2,"column":0},"end":{"line":2,"column":37}},"1":{"start":{"line":4,"column":0},"end":{"line":4,"column":58}},"2":{"start":{"line":6,"column":58},"end":{"line":73,"column":1}},"3":{"start":{"line":11,"column":27},"end":{"line":12,"column":33}},"4":{"start":{"line":12,"column":4},"end":{"line":12,"column":33}},"5":{"start":{"line":14,"column":31},"end":{"line":15,"column":43}},"6":{"start":{"line":15,"column":4},"end":{"line":15,"column":43}},"7":{"start":{"line":17,"column":31},"end":{"line":17,"column":56}},"8":{"start":{"line":18,"column":26},"end":{"line":18,"column":81}},"9":{"start":{"line":20,"column":2},"end":{"line":72,"column":4}},"10":{"start":{"line":24,"column":24},"end":{"line":24,"column":58}},"11":{"start":{"line":25,"column":10},"end":{"line":44,"column":12}},"12":{"start":{"line":37,"column":31},"end":{"line":37,"column":56}},"13":{"start":{"line":57,"column":14},"end":{"line":57,"column":41}},"14":{"start":{"line":75,"column":0},"end":{"line":75,"column":32}}},"fnMap":{"0":{"name":"(anonymous_0)","decl":{"start":{"line":6,"column":58},"end":{"line":6,"column":59}},"loc":{"start":{"line":10,"column":5},"end":{"line":73,"column":1}}},"1":{"name":"(anonymous_1)","decl":{"start":{"line":11,"column":27},"end":{"line":11,"column":28}},"loc":{"start":{"line":12,"column":4},"end":{"line":12,"column":33}}},"2":{"name":"(anonymous_2)","decl":{"start":{"line":14,"column":31},"end":{"line":14,"column":32}},"loc":{"start":{"line":15,"column":4},"end":{"line":15,"column":43}}},"3":{"name":"(anonymous_3)","decl":{"start":{"line":23,"column":34},"end":{"line":23,"column":35}},"loc":{"start":{"line":23,"column":51},"end":{"line":45,"column":9}}},"4":{"name":"(anonymous_4)","decl":{"start":{"line":37,"column":25},"end":{"line":37,"column":28}},"loc":{"start":{"line":37,"column":31},"end":{"line":37,"column":56}}},"5":{"name":"(anonymous_5)","decl":{"start":{"line":56,"column":40},"end":{"line":56,"column":41}},"loc":{"start":{"line":57,"column":14},"end":{"line":57,"column":41}}}},"branchMap":{"0":{"loc":{"start":{"line":11,"column":28},"end":{"line":11,"column":46}},"type":"default-arg","locations":[{"start":{"line":11,"column":44},"end":{"line":11,"column":46}}]},"1":{"loc":{"start":{"line":15,"column":4},"end":{"line":15,"column":43}},"type":"binary-expr","locations":[{"start":{"line":15,"column":4},"end":{"line":15,"column":22}},{"start":{"line":15,"column":26},"end":{"line":15,"column":43}}]},"2":{"loc":{"start":{"line":18,"column":26},"end":{"line":18,"column":81}},"type":"cond-expr","locations":[{"start":{"line":18,"column":53},"end":{"line":18,"column":77}},{"start":{"line":18,"column":80},"end":{"line":18,"column":81}}]},"3":{"loc":{"start":{"line":47,"column":7},"end":{"line":62,"column":null}},"type":"binary-expr","locations":[{"start":{"line":47,"column":7},"end":{"line":47,"column":26}},{"start":{"line":48,"column":8},"end":{"line":61,"column":null}}]}},"s":{"0":1,"1":1,"2":1,"3":0,"4":0,"5":0,"6":0,"7":0,"8":0,"9":0,"10":0,"11":0,"12":0,"13":0,"14":1},"f":{"0":0,"1":0,"2":0,"3":0,"4":0,"5":0},"b":{"0":[0],"1":[0,0],"2":[0,0],"3":[0,0]}}
,"C:\\Users\\Lauta\\OneDrive\\Escritorio\\Lemon\\LemonFE\\src\\components\\collab\\collaboratorModal.tsx": {"path":"C:\\Users\\Lauta\\OneDrive\\Escritorio\\Lemon\\LemonFE\\src\\components\\collab\\collaboratorModal.tsx","statementMap":{"0":{"start":{"line":1,"column":0},"end":{"line":1,"column":49}},"1":{"start":{"line":3,"column":0},"end":{"line":3,"column":59}},"2":{"start":{"line":5,"column":60},"end":{"line":66,"column":1}},"3":{"start":{"line":12,"column":24},"end":{"line":12,"column":54}},"4":{"start":{"line":13,"column":22},"end":{"line":13,"column":47}},"5":{"start":{"line":15,"column":2},"end":{"line":17,"column":20}},"6":{"start":{"line":16,"column":4},"end":{"line":16,"column":33}},"7":{"start":{"line":19,"column":24},"end":{"line":26,"column":3}},"8":{"start":{"line":20,"column":4},"end":{"line":25,"column":5}},"9":{"start":{"line":21,"column":6},"end":{"line":21,"column":25}},"10":{"start":{"line":22,"column":6},"end":{"line":22,"column":15}},"11":{"start":{"line":23,"column":11},"end":{"line":25,"column":5}},"12":{"start":{"line":24,"column":6},"end":{"line":24,"column":16}},"13":{"start":{"line":28,"column":2},"end":{"line":65,"column":4}},"14":{"start":{"line":31,"column":22},"end":{"line":31,"column":63}},"15":{"start":{"line":45,"column":27},"end":{"line":45,"column":63}},"16":{"start":{"line":68,"column":0},"end":{"line":68,"column":33}}},"fnMap":{"0":{"name":"(anonymous_0)","decl":{"start":{"line":5,"column":60},"end":{"line":5,"column":61}},"loc":{"start":{"line":11,"column":5},"end":{"line":66,"column":1}}},"1":{"name":"(anonymous_1)","decl":{"start":{"line":15,"column":12},"end":{"line":15,"column":15}},"loc":{"start":{"line":15,"column":17},"end":{"line":17,"column":3}}},"2":{"name":"(anonymous_2)","decl":{"start":{"line":19,"column":24},"end":{"line":19,"column":25}},"loc":{"start":{"line":19,"column":67},"end":{"line":26,"column":3}}},"3":{"name":"(anonymous_3)","decl":{"start":{"line":31,"column":15},"end":{"line":31,"column":16}},"loc":{"start":{"line":31,"column":22},"end":{"line":31,"column":63}}},"4":{"name":"(anonymous_4)","decl":{"start":{"line":45,"column":20},"end":{"line":45,"column":21}},"loc":{"start":{"line":45,"column":27},"end":{"line":45,"column":63}}}},"branchMap":{"0":{"loc":{"start":{"line":13,"column":22},"end":{"line":13,"column":47}},"type":"binary-expr","locations":[{"start":{"line":13,"column":22},"end":{"line":13,"column":30}},{"start":{"line":13,"column":34},"end":{"line":13,"column":47}}]},"1":{"loc":{"start":{"line":20,"column":4},"end":{"line":25,"column":5}},"type":"if","locations":[{"start":{"line":20,"column":4},"end":{"line":25,"column":5}},{"start":{"line":23,"column":11},"end":{"line":25,"column":5}}]},"2":{"loc":{"start":{"line":23,"column":11},"end":{"line":25,"column":5}},"type":"if","locations":[{"start":{"line":23,"column":11},"end":{"line":25,"column":5}}]},"3":{"loc":{"start":{"line":31,"column":22},"end":{"line":31,"column":63}},"type":"binary-expr","locations":[{"start":{"line":31,"column":22},"end":{"line":31,"column":50}},{"start":{"line":31,"column":54},"end":{"line":31,"column":63}}]}},"s":{"0":1,"1":1,"2":1,"3":0,"4":0,"5":0,"6":0,"7":0,"8":0,"9":0,"10":0,"11":0,"12":0,"13":0,"14":0,"15":0,"16":1},"f":{"0":0,"1":0,"2":0,"3":0,"4":0},"b":{"0":[0,0],"1":[0,0],"2":[0],"3":[0,0]}}
,"C:\\Users\\Lauta\\OneDrive\\Escritorio\\Lemon\\LemonFE\\src\\components\\collab\\collaboratorSection.tsx": {"path":"C:\\Users\\Lauta\\OneDrive\\Escritorio\\Lemon\\LemonFE\\src\\components\\collab\\collaboratorSection.tsx","statementMap":{"0":{"start":{"line":2,"column":0},"end":{"line":2,"column":null}},"1":{"start":{"line":7,"column":0},"end":{"line":7,"column":64}},"2":{"start":{"line":8,"column":0},"end":{"line":8,"column":61}},"3":{"start":{"line":10,"column":66},"end":{"line":70,"column":1}},"4":{"start":{"line":27,"column":2},"end":{"line":69,"column":4}},"5":{"start":{"line":72,"column":0},"end":{"line":72,"column":36}}},"fnMap":{"0":{"name":"(anonymous_1)","decl":{"start":{"line":10,"column":66},"end":{"line":10,"column":67}},"loc":{"start":{"line":26,"column":5},"end":{"line":70,"column":1}}}},"branchMap":{"0":{"loc":{"start":{"line":29,"column":7},"end":{"line":34,"column":null}},"type":"binary-expr","locations":[{"start":{"line":29,"column":7},"end":{"line":29,"column":19}},{"start":{"line":30,"column":8},"end":{"line":33,"column":null}}]},"1":{"loc":{"start":{"line":37,"column":7},"end":{"line":48,"column":null}},"type":"binary-expr","locations":[{"start":{"line":37,"column":7},"end":{"line":37,"column":21}},{"start":{"line":37,"column":25},"end":{"line":37,"column":40}},{"start":{"line":38,"column":8},"end":{"line":47,"column":null}}]},"2":{"loc":{"start":{"line":51,"column":7},"end":{"line":56,"column":null}},"type":"binary-expr","locations":[{"start":{"line":51,"column":7},"end":{"line":51,"column":22}},{"start":{"line":52,"column":8},"end":{"line":55,"column":null}}]},"3":{"loc":{"start":{"line":59,"column":7},"end":{"line":66,"column":null}},"type":"binary-expr","locations":[{"start":{"line":59,"column":7},"end":{"line":59,"column":30}},{"start":{"line":60,"column":8},"end":{"line":65,"column":null}}]}},"s":{"0":1,"1":1,"2":1,"3":1,"4":0,"5":1},"f":{"0":0},"b":{"0":[0,0],"1":[0,0,0],"2":[0,0],"3":[0,0]}}
,"C:\\Users\\Lauta\\OneDrive\\Escritorio\\Lemon\\LemonFE\\src\\components\\loader\\spinner.tsx": {"path":"C:\\Users\\Lauta\\OneDrive\\Escritorio\\Lemon\\LemonFE\\src\\components\\loader\\spinner.tsx","statementMap":{"0":{"start":{"line":2,"column":0},"end":{"line":2,"column":29}},"1":{"start":{"line":4,"column":26},"end":{"line":10,"column":1}},"2":{"start":{"line":5,"column":2},"end":{"line":9,"column":4}},"3":{"start":{"line":12,"column":0},"end":{"line":12,"column":23}}},"fnMap":{"0":{"name":"(anonymous_0)","decl":{"start":{"line":4,"column":26},"end":{"line":4,"column":29}},"loc":{"start":{"line":4,"column":31},"end":{"line":10,"column":1}}}},"branchMap":{},"s":{"0":1,"1":1,"2":0,"3":1},"f":{"0":0},"b":{}}
,"C:\\Users\\Lauta\\OneDrive\\Escritorio\\Lemon\\LemonFE\\src\\components\\taskManager\\dateFilter.tsx": {"path":"C:\\Users\\Lauta\\OneDrive\\Escritorio\\Lemon\\LemonFE\\src\\components\\taskManager\\dateFilter.tsx","statementMap":{"0":{"start":{"line":2,"column":0},"end":{"line":2,"column":53}},"1":{"start":{"line":5,"column":46},"end":{"line":23,"column":1}},"2":{"start":{"line":9,"column":2},"end":{"line":22,"column":4}},"3":{"start":{"line":18,"column":25},"end":{"line":18,"column":54}},"4":{"start":{"line":25,"column":0},"end":{"line":25,"column":26}}},"fnMap":{"0":{"name":"(anonymous_0)","decl":{"start":{"line":5,"column":46},"end":{"line":5,"column":47}},"loc":{"start":{"line":8,"column":5},"end":{"line":23,"column":1}}},"1":{"name":"(anonymous_1)","decl":{"start":{"line":18,"column":18},"end":{"line":18,"column":19}},"loc":{"start":{"line":18,"column":25},"end":{"line":18,"column":54}}}},"branchMap":{},"s":{"0":1,"1":1,"2":0,"3":0,"4":1},"f":{"0":0,"1":0},"b":{}}
,"C:\\Users\\Lauta\\OneDrive\\Escritorio\\Lemon\\LemonFE\\src\\components\\taskManager\\taskCard.tsx": {"path":"C:\\Users\\Lauta\\OneDrive\\Escritorio\\Lemon\\LemonFE\\src\\components\\taskManager\\taskCard.tsx","statementMap":{"0":{"start":{"line":2,"column":0},"end":{"line":2,"column":45}},"1":{"start":{"line":3,"column":0},"end":{"line":3,"column":50}},"2":{"start":{"line":6,"column":50},"end":{"line":80,"column":1}},"3":{"start":{"line":15,"column":4},"end":{"line":18,"column":6}},"4":{"start":{"line":20,"column":16},"end":{"line":26,"column":4}},"5":{"start":{"line":28,"column":2},"end":{"line":79,"column":4}},"6":{"start":{"line":52,"column":36},"end":{"line":52,"column":55}},"7":{"start":{"line":54,"column":16},"end":{"line":54,"column":36}},"8":{"start":{"line":55,"column":16},"end":{"line":55,"column":32}},"9":{"start":{"line":64,"column":36},"end":{"line":64,"column":55}},"10":{"start":{"line":66,"column":16},"end":{"line":66,"column":36}},"11":{"start":{"line":67,"column":16},"end":{"line":67,"column":44}},"12":{"start":{"line":82,"column":0},"end":{"line":82,"column":24}}},"fnMap":{"0":{"name":"(anonymous_0)","decl":{"start":{"line":6,"column":50},"end":{"line":6,"column":51}},"loc":{"start":{"line":13,"column":5},"end":{"line":80,"column":1}}},"1":{"name":"(anonymous_1)","decl":{"start":{"line":52,"column":29},"end":{"line":52,"column":30}},"loc":{"start":{"line":52,"column":36},"end":{"line":52,"column":55}}},"2":{"name":"(anonymous_2)","decl":{"start":{"line":53,"column":23},"end":{"line":53,"column":24}},"loc":{"start":{"line":53,"column":29},"end":{"line":56,"column":15}}},"3":{"name":"(anonymous_3)","decl":{"start":{"line":64,"column":29},"end":{"line":64,"column":30}},"loc":{"start":{"line":64,"column":36},"end":{"line":64,"column":55}}},"4":{"name":"(anonymous_4)","decl":{"start":{"line":65,"column":23},"end":{"line":65,"column":24}},"loc":{"start":{"line":65,"column":29},"end":{"line":68,"column":15}}}},"branchMap":{"0":{"loc":{"start":{"line":12,"column":2},"end":{"line":12,"column":24}},"type":"default-arg","locations":[{"start":{"line":12,"column":19},"end":{"line":12,"column":24}}]},"1":{"loc":{"start":{"line":21,"column":15},"end":{"line":23,"column":17}},"type":"cond-expr","locations":[{"start":{"line":22,"column":8},"end":{"line":22,"column":60}},{"start":{"line":23,"column":8},"end":{"line":23,"column":17}}]},"2":{"loc":{"start":{"line":24,"column":13},"end":{"line":24,"column":31}},"type":"cond-expr","locations":[{"start":{"line":24,"column":26},"end":{"line":24,"column":27}},{"start":{"line":24,"column":30},"end":{"line":24,"column":31}}]},"3":{"loc":{"start":{"line":31,"column":30},"end":{"line":31,"column":68}},"type":"cond-expr","locations":[{"start":{"line":31,"column":47},"end":{"line":31,"column":63}},{"start":{"line":31,"column":66},"end":{"line":31,"column":68}}]},"4":{"loc":{"start":{"line":48,"column":9},"end":{"line":74,"column":null}},"type":"binary-expr","locations":[{"start":{"line":48,"column":9},"end":{"line":48,"column":24}},{"start":{"line":49,"column":10},"end":{"line":73,"column":null}}]}},"s":{"0":1,"1":1,"2":1,"3":0,"4":0,"5":0,"6":0,"7":0,"8":0,"9":0,"10":0,"11":0,"12":1},"f":{"0":0,"1":0,"2":0,"3":0,"4":0},"b":{"0":[0],"1":[0,0],"2":[0,0],"3":[0,0],"4":[0,0]}}
,"C:\\Users\\Lauta\\OneDrive\\Escritorio\\Lemon\\LemonFE\\src\\components\\taskManager\\taskColumn.tsx": {"path":"C:\\Users\\Lauta\\OneDrive\\Escritorio\\Lemon\\LemonFE\\src\\components\\taskManager\\taskColumn.tsx","statementMap":{"0":{"start":{"line":2,"column":0},"end":{"line":2,"column":45}},"1":{"start":{"line":4,"column":0},"end":{"line":4,"column":34}},"2":{"start":{"line":6,"column":54},"end":{"line":51,"column":1}},"3":{"start":{"line":14,"column":26},"end":{"line":20,"column":4}},"4":{"start":{"line":15,"column":17},"end":{"line":15,"column":30}},"5":{"start":{"line":16,"column":4},"end":{"line":19,"column":14}},"6":{"start":{"line":22,"column":25},"end":{"line":25,"column":4}},"7":{"start":{"line":27,"column":2},"end":{"line":50,"column":4}},"8":{"start":{"line":38,"column":10},"end":{"line":39,"column":null}},"9":{"start":{"line":53,"column":0},"end":{"line":53,"column":26}}},"fnMap":{"0":{"name":"(anonymous_1)","decl":{"start":{"line":6,"column":54},"end":{"line":6,"column":55}},"loc":{"start":{"line":13,"column":5},"end":{"line":51,"column":1}}},"1":{"name":"(anonymous_2)","decl":{"start":{"line":14,"column":48},"end":{"line":14,"column":49}},"loc":{"start":{"line":14,"column":59},"end":{"line":20,"column":3}}},"2":{"name":"(anonymous_3)","decl":{"start":{"line":37,"column":29},"end":{"line":37,"column":30}},"loc":{"start":{"line":38,"column":10},"end":{"line":39,"column":null}}}},"branchMap":{"0":{"loc":{"start":{"line":16,"column":11},"end":{"line":19,"column":13}},"type":"cond-expr","locations":[{"start":{"line":17,"column":8},"end":{"line":18,"column":80}},{"start":{"line":19,"column":8},"end":{"line":19,"column":13}}]},"1":{"loc":{"start":{"line":17,"column":8},"end":{"line":18,"column":80}},"type":"binary-expr","locations":[{"start":{"line":17,"column":8},"end":{"line":17,"column":19}},{"start":{"line":18,"column":10},"end":{"line":18,"column":80}}]}},"s":{"0":1,"1":1,"2":1,"3":0,"4":0,"5":0,"6":0,"7":0,"8":0,"9":1},"f":{"0":0,"1":0,"2":0},"b":{"0":[0,0],"1":[0,0]}}
,"C:\\Users\\Lauta\\OneDrive\\Escritorio\\Lemon\\LemonFE\\src\\components\\taskManager\\taskModal.tsx": {"path":"C:\\Users\\Lauta\\OneDrive\\Escritorio\\Lemon\\LemonFE\\src\\components\\taskManager\\taskModal.tsx","statementMap":{"0":{"start":{"line":5,"column":44},"end":{"line":73,"column":1}},"1":{"start":{"line":14,"column":24},"end":{"line":14,"column":54}},"2":{"start":{"line":16,"column":2},"end":{"line":18,"column":9}},"3":{"start":{"line":17,"column":4},"end":{"line":17,"column":35}},"4":{"start":{"line":20,"column":24},"end":{"line":26,"column":3}},"5":{"start":{"line":21,"column":4},"end":{"line":25,"column":5}},"6":{"start":{"line":21,"column":28},"end":{"line":21,"column":38}},"7":{"start":{"line":22,"column":9},"end":{"line":25,"column":5}},"8":{"start":{"line":23,"column":6},"end":{"line":23,"column":25}},"9":{"start":{"line":24,"column":6},"end":{"line":24,"column":15}},"10":{"start":{"line":28,"column":2},"end":{"line":72,"column":4}},"11":{"start":{"line":31,"column":22},"end":{"line":31,"column":63}},"12":{"start":{"line":46,"column":27},"end":{"line":46,"column":51}},"13":{"start":{"line":52,"column":27},"end":{"line":52,"column":57}}},"fnMap":{"0":{"name":"(anonymous_0)","decl":{"start":{"line":5,"column":44},"end":{"line":5,"column":45}},"loc":{"start":{"line":13,"column":5},"end":{"line":73,"column":1}}},"1":{"name":"(anonymous_1)","decl":{"start":{"line":16,"column":12},"end":{"line":16,"column":15}},"loc":{"start":{"line":16,"column":17},"end":{"line":18,"column":3}}},"2":{"name":"(anonymous_2)","decl":{"start":{"line":20,"column":24},"end":{"line":20,"column":25}},"loc":{"start":{"line":20,"column":67},"end":{"line":26,"column":3}}},"3":{"name":"(anonymous_3)","decl":{"start":{"line":31,"column":15},"end":{"line":31,"column":16}},"loc":{"start":{"line":31,"column":22},"end":{"line":31,"column":63}}},"4":{"name":"(anonymous_4)","decl":{"start":{"line":46,"column":20},"end":{"line":46,"column":21}},"loc":{"start":{"line":46,"column":27},"end":{"line":46,"column":51}}},"5":{"name":"(anonymous_5)","decl":{"start":{"line":52,"column":20},"end":{"line":52,"column":21}},"loc":{"start":{"line":52,"column":27},"end":{"line":52,"column":57}}}},"branchMap":{"0":{"loc":{"start":{"line":21,"column":4},"end":{"line":25,"column":5}},"type":"if","locations":[{"start":{"line":21,"column":4},"end":{"line":25,"column":5}},{"start":{"line":22,"column":9},"end":{"line":25,"column":5}}]},"1":{"loc":{"start":{"line":22,"column":9},"end":{"line":25,"column":5}},"type":"if","locations":[{"start":{"line":22,"column":9},"end":{"line":25,"column":5}}]},"2":{"loc":{"start":{"line":22,"column":13},"end":{"line":22,"column":45}},"type":"binary-expr","locations":[{"start":{"line":22,"column":13},"end":{"line":22,"column":30}},{"start":{"line":22,"column":34},"end":{"line":22,"column":45}}]},"3":{"loc":{"start":{"line":31,"column":22},"end":{"line":31,"column":63}},"type":"binary-expr","locations":[{"start":{"line":31,"column":22},"end":{"line":31,"column":50}},{"start":{"line":31,"column":54},"end":{"line":31,"column":63}}]},"4":{"loc":{"start":{"line":38,"column":11},"end":{"line":38,"column":77}},"type":"cond-expr","locations":[{"start":{"line":38,"column":23},"end":{"line":38,"column":49}},{"start":{"line":38,"column":52},"end":{"line":38,"column":77}}]},"5":{"loc":{"start":{"line":65,"column":24},"end":{"line":65,"column":70}},"type":"cond-expr","locations":[{"start":{"line":65,"column":36},"end":{"line":65,"column":50}},{"start":{"line":65,"column":53},"end":{"line":65,"column":70}}]}},"s":{"0":0,"1":0,"2":0,"3":0,"4":0,"5":0,"6":0,"7":0,"8":0,"9":0,"10":0,"11":0,"12":0,"13":0},"f":{"0":0,"1":0,"2":0,"3":0,"4":0,"5":0},"b":{"0":[0,0],"1":[0],"2":[0,0],"3":[0,0],"4":[0,0],"5":[0,0]}}
,"C:\\Users\\Lauta\\OneDrive\\Escritorio\\Lemon\\LemonFE\\src\\components\\taskManager\\main\\taskBoard.tsx": {"path":"C:\\Users\\Lauta\\OneDrive\\Escritorio\\Lemon\\LemonFE\\src\\components\\taskManager\\main\\taskBoard.tsx","statementMap":{"0":{"start":{"line":2,"column":0},"end":{"line":2,"column":56}},"1":{"start":{"line":3,"column":0},"end":{"line":3,"column":66}},"2":{"start":{"line":6,"column":44},"end":{"line":46,"column":1}},"3":{"start":{"line":17,"column":2},"end":{"line":45,"column":4}},"4":{"start":{"line":21,"column":10},"end":{"line":22,"column":null}},"5":{"start":{"line":48,"column":0},"end":{"line":48,"column":25}}},"fnMap":{"0":{"name":"(anonymous_0)","decl":{"start":{"line":6,"column":44},"end":{"line":6,"column":45}},"loc":{"start":{"line":16,"column":5},"end":{"line":46,"column":1}}},"1":{"name":"(anonymous_1)","decl":{"start":{"line":20,"column":36},"end":{"line":20,"column":37}},"loc":{"start":{"line":21,"column":10},"end":{"line":22,"column":null}}}},"branchMap":{"0":{"loc":{"start":{"line":33,"column":9},"end":{"line":41,"column":null}},"type":"binary-expr","locations":[{"start":{"line":33,"column":9},"end":{"line":33,"column":21}},{"start":{"line":33,"column":25},"end":{"line":33,"column":44}},{"start":{"line":34,"column":10},"end":{"line":40,"column":null}}]}},"s":{"0":1,"1":1,"2":1,"3":0,"4":0,"5":1},"f":{"0":0,"1":0},"b":{"0":[0,0,0]}}
,"C:\\Users\\Lauta\\OneDrive\\Escritorio\\Lemon\\LemonFE\\src\\components\\taskManager\\main\\taskManagerContent.tsx": {"path":"C:\\Users\\Lauta\\OneDrive\\Escritorio\\Lemon\\LemonFE\\src\\components\\taskManager\\main\\taskManagerContent.tsx","statementMap":{"0":{"start":{"line":1,"column":0},"end":{"line":1,"column":48}},"1":{"start":{"line":2,"column":0},"end":{"line":2,"column":42}},"2":{"start":{"line":3,"column":0},"end":{"line":3,"column":48}},"3":{"start":{"line":4,"column":0},"end":{"line":4,"column":47}},"4":{"start":{"line":6,"column":0},"end":{"line":6,"column":33}},"5":{"start":{"line":7,"column":0},"end":{"line":7,"column":35}},"6":{"start":{"line":9,"column":0},"end":{"line":9,"column":51}},"7":{"start":{"line":10,"column":0},"end":{"line":10,"column":67}},"8":{"start":{"line":12,"column":0},"end":{"line":12,"column":null}},"9":{"start":{"line":27,"column":0},"end":{"line":27,"column":74}},"10":{"start":{"line":29,"column":0},"end":{"line":29,"column":52}},"11":{"start":{"line":30,"column":0},"end":{"line":30,"column":36}},"12":{"start":{"line":32,"column":37},"end":{"line":243,"column":1}},"13":{"start":{"line":40,"column":6},"end":{"line":40,"column":23}},"14":{"start":{"line":48,"column":6},"end":{"line":48,"column":18}},"15":{"start":{"line":54,"column":6},"end":{"line":54,"column":24}},"16":{"start":{"line":66,"column":6},"end":{"line":66,"column":70}},"17":{"start":{"line":74,"column":6},"end":{"line":74,"column":47}},"18":{"start":{"line":75,"column":31},"end":{"line":75,"column":68}},"19":{"start":{"line":76,"column":23},"end":{"line":76,"column":51}},"20":{"start":{"line":77,"column":2},"end":{"line":77,"column":56}},"21":{"start":{"line":79,"column":42},"end":{"line":79,"column":71}},"22":{"start":{"line":80,"column":38},"end":{"line":80,"column":50}},"23":{"start":{"line":81,"column":46},"end":{"line":81,"column":61}},"24":{"start":{"line":82,"column":42},"end":{"line":82,"column":61}},"25":{"start":{"line":83,"column":58},"end":{"line":85,"column":9}},"26":{"start":{"line":86,"column":48},"end":{"line":86,"column":77}},"27":{"start":{"line":87,"column":22},"end":{"line":87,"column":70}},"28":{"start":{"line":89,"column":2},"end":{"line":95,"column":5}},"29":{"start":{"line":97,"column":28},"end":{"line":106,"column":4}},"30":{"start":{"line":108,"column":41},"end":{"line":114,"column":4}},"31":{"start":{"line":116,"column":24},"end":{"line":148,"column":3}},"32":{"start":{"line":124,"column":4},"end":{"line":139,"column":5}},"33":{"start":{"line":125,"column":6},"end":{"line":130,"column":8}},"34":{"start":{"line":132,"column":6},"end":{"line":138,"column":8}},"35":{"start":{"line":140,"column":4},"end":{"line":147,"column":8}},"36":{"start":{"line":140,"column":24},"end":{"line":147,"column":6}},"37":{"start":{"line":150,"column":26},"end":{"line":152,"column":3}},"38":{"start":{"line":151,"column":4},"end":{"line":151,"column":48}},"39":{"start":{"line":154,"column":17},"end":{"line":162,"column":4}},"40":{"start":{"line":164,"column":24},"end":{"line":170,"column":4}},"41":{"start":{"line":172,"column":24},"end":{"line":175,"column":3}},"42":{"start":{"line":173,"column":4},"end":{"line":173,"column":21}},"43":{"start":{"line":174,"column":4},"end":{"line":174,"column":26}},"44":{"start":{"line":177,"column":26},"end":{"line":179,"column":3}},"45":{"start":{"line":178,"column":4},"end":{"line":178,"column":43}},"46":{"start":{"line":178,"column":25},"end":{"line":178,"column":43}},"47":{"start":{"line":181,"column":27},"end":{"line":186,"column":3}},"48":{"start":{"line":182,"column":4},"end":{"line":185,"column":5}},"49":{"start":{"line":183,"column":6},"end":{"line":183,"column":25}},"50":{"start":{"line":184,"column":6},"end":{"line":184,"column":45}},"51":{"start":{"line":188,"column":17},"end":{"line":188,"column":28}},"52":{"start":{"line":190,"column":2},"end":{"line":242,"column":4}},"53":{"start":{"line":196,"column":31},"end":{"line":196,"column":48}},"54":{"start":{"line":245,"column":0},"end":{"line":245,"column":34}}},"fnMap":{"0":{"name":"(anonymous_1)","decl":{"start":{"line":32,"column":37},"end":{"line":32,"column":40}},"loc":{"start":{"line":32,"column":42},"end":{"line":243,"column":1}}},"1":{"name":"(anonymous_2)","decl":{"start":{"line":116,"column":24},"end":{"line":116,"column":null}},"loc":{"start":{"line":123,"column":6},"end":{"line":148,"column":3}}},"2":{"name":"(anonymous_3)","decl":{"start":{"line":140,"column":13},"end":{"line":140,"column":14}},"loc":{"start":{"line":140,"column":24},"end":{"line":147,"column":6}}},"3":{"name":"(anonymous_4)","decl":{"start":{"line":150,"column":26},"end":{"line":150,"column":27}},"loc":{"start":{"line":150,"column":41},"end":{"line":152,"column":3}}},"4":{"name":"(anonymous_5)","decl":{"start":{"line":172,"column":24},"end":{"line":172,"column":25}},"loc":{"start":{"line":172,"column":39},"end":{"line":175,"column":3}}},"5":{"name":"(anonymous_6)","decl":{"start":{"line":177,"column":26},"end":{"line":177,"column":27}},"loc":{"start":{"line":177,"column":46},"end":{"line":179,"column":3}}},"6":{"name":"(anonymous_7)","decl":{"start":{"line":181,"column":27},"end":{"line":181,"column":28}},"loc":{"start":{"line":181,"column":64},"end":{"line":186,"column":3}}},"7":{"name":"(anonymous_8)","decl":{"start":{"line":196,"column":25},"end":{"line":196,"column":28}},"loc":{"start":{"line":196,"column":31},"end":{"line":196,"column":48}}}},"branchMap":{"0":{"loc":{"start":{"line":87,"column":33},"end":{"line":87,"column":69}},"type":"binary-expr","locations":[{"start":{"line":87,"column":33},"end":{"line":87,"column":61}},{"start":{"line":87,"column":65},"end":{"line":87,"column":69}}]},"1":{"loc":{"start":{"line":124,"column":4},"end":{"line":139,"column":5}},"type":"if","locations":[{"start":{"line":124,"column":4},"end":{"line":139,"column":5}},{"start":{"line":131,"column":11},"end":{"line":139,"column":5}}]},"2":{"loc":{"start":{"line":178,"column":4},"end":{"line":178,"column":43}},"type":"if","locations":[{"start":{"line":178,"column":4},"end":{"line":178,"column":43}}]},"3":{"loc":{"start":{"line":182,"column":4},"end":{"line":185,"column":5}},"type":"if","locations":[{"start":{"line":182,"column":4},"end":{"line":185,"column":5}}]},"4":{"loc":{"start":{"line":226,"column":7},"end":{"line":235,"column":null}},"type":"binary-expr","locations":[{"start":{"line":226,"column":7},"end":{"line":226,"column":18}},{"start":{"line":227,"column":8},"end":{"line":234,"column":null}}]}},"s":{"0":1,"1":1,"2":1,"3":1,"4":1,"5":1,"6":1,"7":1,"8":1,"9":1,"10":1,"11":1,"12":1,"13":0,"14":0,"15":0,"16":0,"17":0,"18":0,"19":0,"20":0,"21":0,"22":0,"23":0,"24":0,"25":0,"26":0,"27":0,"28":0,"29":0,"30":0,"31":0,"32":0,"33":0,"34":0,"35":0,"36":0,"37":0,"38":0,"39":0,"40":0,"41":0,"42":0,"43":0,"44":0,"45":0,"46":0,"47":0,"48":0,"49":0,"50":0,"51":0,"52":0,"53":0,"54":1},"f":{"0":0,"1":0,"2":0,"3":0,"4":0,"5":0,"6":0,"7":0},"b":{"0":[0,0],"1":[0,0],"2":[0],"3":[0],"4":[0,0]}}
,"C:\\Users\\Lauta\\OneDrive\\Escritorio\\Lemon\\LemonFE\\src\\components\\taskManager\\main\\taskManagerHeader.tsx": {"path":"C:\\Users\\Lauta\\OneDrive\\Escritorio\\Lemon\\LemonFE\\src\\components\\taskManager\\main\\taskManagerHeader.tsx","statementMap":{"0":{"start":{"line":2,"column":0},"end":{"line":2,"column":40}},"1":{"start":{"line":3,"column":0},"end":{"line":3,"column":53}},"2":{"start":{"line":4,"column":0},"end":{"line":4,"column":52}},"3":{"start":{"line":7,"column":60},"end":{"line":28,"column":1}},"4":{"start":{"line":13,"column":2},"end":{"line":27,"column":4}},"5":{"start":{"line":30,"column":0},"end":{"line":30,"column":33}}},"fnMap":{"0":{"name":"(anonymous_0)","decl":{"start":{"line":7,"column":60},"end":{"line":7,"column":61}},"loc":{"start":{"line":12,"column":5},"end":{"line":28,"column":1}}}},"branchMap":{"0":{"loc":{"start":{"line":19,"column":9},"end":{"line":23,"column":null}},"type":"binary-expr","locations":[{"start":{"line":19,"column":9},"end":{"line":19,"column":24}},{"start":{"line":20,"column":10},"end":{"line":22,"column":null}}]}},"s":{"0":1,"1":1,"2":1,"3":1,"4":0,"5":1},"f":{"0":0},"b":{"0":[0,0]}}
,"C:\\Users\\Lauta\\OneDrive\\Escritorio\\Lemon\\LemonFE\\src\\config\\authToast.ts": {"path":"C:\\Users\\Lauta\\OneDrive\\Escritorio\\Lemon\\LemonFE\\src\\config\\authToast.ts","statementMap":{"0":{"start":{"line":2,"column":0},"end":{"line":2,"column":53}},"1":{"start":{"line":4,"column":39},"end":{"line":12,"column":2}},"2":{"start":{"line":14,"column":25},"end":{"line":16,"column":1}},"3":{"start":{"line":15,"column":2},"end":{"line":15,"column":41}},"4":{"start":{"line":14,"column":13},"end":{"line":14,"column":25}}},"fnMap":{"0":{"name":"(anonymous_0)","decl":{"start":{"line":14,"column":25},"end":{"line":14,"column":26}},"loc":{"start":{"line":14,"column":63},"end":{"line":16,"column":1}}}},"branchMap":{},"s":{"0":2,"1":2,"2":2,"3":2,"4":2},"f":{"0":2},"b":{}}
,"C:\\Users\\Lauta\\OneDrive\\Escritorio\\Lemon\\LemonFE\\src\\config\\collabToast.ts": {"path":"C:\\Users\\Lauta\\OneDrive\\Escritorio\\Lemon\\LemonFE\\src\\config\\collabToast.ts","statementMap":{"0":{"start":{"line":3,"column":39},"end":{"line":7,"column":2}},"1":{"start":{"line":9,"column":25},"end":{"line":15,"column":1}},"2":{"start":{"line":14,"column":2},"end":{"line":14,"column":60}},"3":{"start":{"line":17,"column":39},"end":{"line":21,"column":2}},"4":{"start":{"line":23,"column":24},"end":{"line":23,"column":25}},"5":{"start":{"line":24,"column":19},"end":{"line":24,"column":23}},"6":{"start":{"line":26,"column":29},"end":{"line":35,"column":1}},"7":{"start":{"line":31,"column":14},"end":{"line":31,"column":24}},"8":{"start":{"line":32,"column":2},"end":{"line":32,"column":51}},"9":{"start":{"line":32,"column":44},"end":{"line":32,"column":51}},"10":{"start":{"line":33,"column":2},"end":{"line":33,"column":26}},"11":{"start":{"line":34,"column":2},"end":{"line":34,"column":60}}},"fnMap":{"0":{"name":"(anonymous_0)","decl":{"start":{"line":9,"column":25},"end":{"line":9,"column":null}},"loc":{"start":{"line":13,"column":4},"end":{"line":15,"column":1}}},"1":{"name":"(anonymous_1)","decl":{"start":{"line":26,"column":29},"end":{"line":26,"column":null}},"loc":{"start":{"line":30,"column":4},"end":{"line":35,"column":1}}}},"branchMap":{"0":{"loc":{"start":{"line":32,"column":2},"end":{"line":32,"column":51}},"type":"if","locations":[{"start":{"line":32,"column":2},"end":{"line":32,"column":51}}]}},"s":{"0":0,"1":0,"2":0,"3":0,"4":0,"5":0,"6":0,"7":0,"8":0,"9":0,"10":0,"11":0},"f":{"0":0,"1":0},"b":{"0":[0]}}
,"C:\\Users\\Lauta\\OneDrive\\Escritorio\\Lemon\\LemonFE\\src\\config\\initialData.ts": {"path":"C:\\Users\\Lauta\\OneDrive\\Escritorio\\Lemon\\LemonFE\\src\\config\\initialData.ts","statementMap":{"0":{"start":{"line":3,"column":54},"end":{"line":19,"column":2}}},"fnMap":{},"branchMap":{},"s":{"0":0},"f":{},"b":{}}
,"C:\\Users\\Lauta\\OneDrive\\Escritorio\\Lemon\\LemonFE\\src\\config\\lazyLoader.tsx": {"path":"C:\\Users\\Lauta\\OneDrive\\Escritorio\\Lemon\\LemonFE\\src\\config\\lazyLoader.tsx","statementMap":{"0":{"start":{"line":2,"column":0},"end":{"line":2,"column":49}},"1":{"start":{"line":3,"column":0},"end":{"line":3,"column":54}},"2":{"start":{"line":5,"column":22},"end":{"line":13,"column":null}},"3":{"start":{"line":9,"column":2},"end":{"line":13,"column":null}},"4":{"start":{"line":10,"column":4},"end":{"line":13,"column":47}},"5":{"start":{"line":12,"column":31},"end":{"line":12,"column":57}},"6":{"start":{"line":13,"column":33},"end":{"line":13,"column":46}},"7":{"start":{"line":16,"column":18},"end":{"line":17,"column":null}},"8":{"start":{"line":17,"column":7},"end":{"line":17,"column":51}},"9":{"start":{"line":19,"column":26},"end":{"line":20,"column":null}},"10":{"start":{"line":20,"column":7},"end":{"line":20,"column":54}},"11":{"start":{"line":22,"column":19},"end":{"line":23,"column":null}},"12":{"start":{"line":23,"column":7},"end":{"line":23,"column":52}},"13":{"start":{"line":25,"column":17},"end":{"line":26,"column":null}},"14":{"start":{"line":26,"column":7},"end":{"line":26,"column":50}},"15":{"start":{"line":28,"column":25},"end":{"line":29,"column":null}},"16":{"start":{"line":29,"column":7},"end":{"line":29,"column":53}},"17":{"start":{"line":31,"column":19},"end":{"line":32,"column":null}},"18":{"start":{"line":32,"column":7},"end":{"line":32,"column":52}},"19":{"start":{"line":36,"column":2},"end":{"line":41,"column":null}},"20":{"start":{"line":37,"column":2},"end":{"line":41,"column":null}},"21":{"start":{"line":39,"column":6},"end":{"line":40,"column":null}},"22":{"start":{"line":44,"column":13},"end":{"line":44,"column":53}},"23":{"start":{"line":45,"column":13},"end":{"line":45,"column":69}},"24":{"start":{"line":46,"column":13},"end":{"line":46,"column":55}},"25":{"start":{"line":47,"column":13},"end":{"line":47,"column":51}},"26":{"start":{"line":48,"column":13},"end":{"line":48,"column":67}},"27":{"start":{"line":49,"column":13},"end":{"line":49,"column":55}}},"fnMap":{"0":{"name":"(anonymous_10)","decl":{"start":{"line":5,"column":22},"end":{"line":5,"column":null}},"loc":{"start":{"line":9,"column":2},"end":{"line":13,"column":null}}},"1":{"name":"(anonymous_11)","decl":{"start":{"line":9,"column":7},"end":{"line":9,"column":10}},"loc":{"start":{"line":10,"column":4},"end":{"line":13,"column":47}}},"2":{"name":"(anonymous_12)","decl":{"start":{"line":12,"column":18},"end":{"line":12,"column":19}},"loc":{"start":{"line":12,"column":31},"end":{"line":12,"column":57}}},"3":{"name":"(anonymous_13)","decl":{"start":{"line":13,"column":12},"end":{"line":13,"column":13}},"loc":{"start":{"line":13,"column":33},"end":{"line":13,"column":46}}},"4":{"name":"(anonymous_14)","decl":{"start":{"line":17,"column":2},"end":{"line":17,"column":5}},"loc":{"start":{"line":17,"column":7},"end":{"line":17,"column":51}}},"5":{"name":"(anonymous_15)","decl":{"start":{"line":17,"column":7},"end":{"line":17,"column":15}},"loc":{"start":{"line":17,"column":7},"end":{"line":17,"column":51}}},"6":{"name":"(anonymous_16)","decl":{"start":{"line":20,"column":2},"end":{"line":20,"column":5}},"loc":{"start":{"line":20,"column":7},"end":{"line":20,"column":54}}},"7":{"name":"(anonymous_17)","decl":{"start":{"line":20,"column":7},"end":{"line":20,"column":15}},"loc":{"start":{"line":20,"column":7},"end":{"line":20,"column":54}}},"8":{"name":"(anonymous_18)","decl":{"start":{"line":23,"column":2},"end":{"line":23,"column":5}},"loc":{"start":{"line":23,"column":7},"end":{"line":23,"column":52}}},"9":{"name":"(anonymous_19)","decl":{"start":{"line":23,"column":7},"end":{"line":23,"column":15}},"loc":{"start":{"line":23,"column":7},"end":{"line":23,"column":52}}},"10":{"name":"(anonymous_20)","decl":{"start":{"line":26,"column":2},"end":{"line":26,"column":5}},"loc":{"start":{"line":26,"column":7},"end":{"line":26,"column":50}}},"11":{"name":"(anonymous_21)","decl":{"start":{"line":26,"column":7},"end":{"line":26,"column":15}},"loc":{"start":{"line":26,"column":7},"end":{"line":26,"column":50}}},"12":{"name":"(anonymous_22)","decl":{"start":{"line":29,"column":2},"end":{"line":29,"column":5}},"loc":{"start":{"line":29,"column":7},"end":{"line":29,"column":53}}},"13":{"name":"(anonymous_23)","decl":{"start":{"line":29,"column":7},"end":{"line":29,"column":15}},"loc":{"start":{"line":29,"column":7},"end":{"line":29,"column":53}}},"14":{"name":"(anonymous_24)","decl":{"start":{"line":32,"column":2},"end":{"line":32,"column":5}},"loc":{"start":{"line":32,"column":7},"end":{"line":32,"column":52}}},"15":{"name":"(anonymous_25)","decl":{"start":{"line":32,"column":7},"end":{"line":32,"column":15}},"loc":{"start":{"line":32,"column":7},"end":{"line":32,"column":52}}},"16":{"name":"(anonymous_26)","decl":{"start":{"line":36,"column":2},"end":{"line":36,"column":21}},"loc":{"start":{"line":37,"column":2},"end":{"line":41,"column":null}}},"17":{"name":"(anonymous_27)","decl":{"start":{"line":37,"column":2},"end":{"line":37,"column":3}},"loc":{"start":{"line":39,"column":6},"end":{"line":40,"column":null}}}},"branchMap":{"0":{"loc":{"start":{"line":7,"column":2},"end":{"line":7,"column":21}},"type":"default-arg","locations":[{"start":{"line":7,"column":18},"end":{"line":7,"column":21}}]}},"s":{"0":1,"1":1,"2":1,"3":6,"4":0,"5":0,"6":0,"7":1,"8":0,"9":1,"10":0,"11":1,"12":0,"13":1,"14":0,"15":1,"16":0,"17":1,"18":0,"19":1,"20":6,"21":0,"22":1,"23":1,"24":1,"25":1,"26":1,"27":1},"f":{"0":6,"1":0,"2":0,"3":0,"4":0,"5":0,"6":0,"7":0,"8":0,"9":0,"10":0,"11":0,"12":0,"13":0,"14":0,"15":0,"16":6,"17":0},"b":{"0":[6]}}
,"C:\\Users\\Lauta\\OneDrive\\Escritorio\\Lemon\\LemonFE\\src\\config\\taskToast.ts": {"path":"C:\\Users\\Lauta\\OneDrive\\Escritorio\\Lemon\\LemonFE\\src\\config\\taskToast.ts","statementMap":{"0":{"start":{"line":4,"column":39},"end":{"line":12,"column":2}},"1":{"start":{"line":14,"column":25},"end":{"line":19,"column":1}},"2":{"start":{"line":18,"column":2},"end":{"line":18,"column":60}}},"fnMap":{"0":{"name":"(anonymous_0)","decl":{"start":{"line":14,"column":25},"end":{"line":14,"column":null}},"loc":{"start":{"line":17,"column":4},"end":{"line":19,"column":1}}}},"branchMap":{},"s":{"0":0,"1":0,"2":0},"f":{"0":0},"b":{}}
,"C:\\Users\\Lauta\\OneDrive\\Escritorio\\Lemon\\LemonFE\\src\\context\\authContext\\authContext.tsx": {"path":"C:\\Users\\Lauta\\OneDrive\\Escritorio\\Lemon\\LemonFE\\src\\context\\authContext\\authContext.tsx","statementMap":{"0":{"start":{"line":1,"column":0},"end":{"line":1,"column":67}},"1":{"start":{"line":5,"column":0},"end":{"line":5,"column":46}},"2":{"start":{"line":6,"column":0},"end":{"line":6,"column":49}},"3":{"start":{"line":7,"column":0},"end":{"line":7,"column":56}},"4":{"start":{"line":9,"column":20},"end":{"line":9,"column":73}},"5":{"start":{"line":11,"column":69},"end":{"line":86,"column":1}},"6":{"start":{"line":14,"column":34},"end":{"line":14,"column":49}},"7":{"start":{"line":15,"column":48},"end":{"line":15,"column":63}},"8":{"start":{"line":16,"column":26},"end":{"line":16,"column":45}},"9":{"start":{"line":18,"column":29},"end":{"line":38,"column":3}},"10":{"start":{"line":19,"column":4},"end":{"line":37,"column":5}},"11":{"start":{"line":20,"column":23},"end":{"line":20,"column":56}},"12":{"start":{"line":21,"column":32},"end":{"line":21,"column":40}},"13":{"start":{"line":23,"column":6},"end":{"line":34,"column":48}},"14":{"start":{"line":25,"column":12},"end":{"line":25,"column":37}},"15":{"start":{"line":26,"column":12},"end":{"line":26,"column":31}},"16":{"start":{"line":27,"column":12},"end":{"line":27,"column":54}},"17":{"start":{"line":28,"column":12},"end":{"line":28,"column":68}},"18":{"start":{"line":30,"column":31},"end":{"line":30,"column":41}},"19":{"start":{"line":31,"column":12},"end":{"line":31,"column":59}},"20":{"start":{"line":32,"column":12},"end":{"line":32,"column":74}},"21":{"start":{"line":36,"column":6},"end":{"line":36,"column":75}},"22":{"start":{"line":40,"column":29},"end":{"line":55,"column":3}},"23":{"start":{"line":45,"column":4},"end":{"line":54,"column":5}},"24":{"start":{"line":46,"column":23},"end":{"line":46,"column":66}},"25":{"start":{"line":47,"column":26},"end":{"line":47,"column":34}},"26":{"start":{"line":48,"column":6},"end":{"line":48,"column":46}},"27":{"start":{"line":49,"column":6},"end":{"line":49,"column":48}},"28":{"start":{"line":52,"column":8},"end":{"line":52,"column":124}},"29":{"start":{"line":53,"column":6},"end":{"line":53,"column":59}},"30":{"start":{"line":57,"column":25},"end":{"line":57,"column":59}},"31":{"start":{"line":57,"column":31},"end":{"line":57,"column":59}},"32":{"start":{"line":57,"column":53},"end":{"line":57,"column":58}},"33":{"start":{"line":59,"column":2},"end":{"line":85,"column":4}},"34":{"start":{"line":11,"column":13},"end":{"line":11,"column":69}},"35":{"start":{"line":88,"column":30},"end":{"line":95,"column":1}},"36":{"start":{"line":89,"column":18},"end":{"line":89,"column":41}},"37":{"start":{"line":90,"column":2},"end":{"line":94,"column":11}},"38":{"start":{"line":93,"column":8},"end":{"line":93,"column":78}},"39":{"start":{"line":88,"column":13},"end":{"line":88,"column":30}}},"fnMap":{"0":{"name":"(anonymous_0)","decl":{"start":{"line":11,"column":69},"end":{"line":11,"column":70}},"loc":{"start":{"line":13,"column":5},"end":{"line":86,"column":1}}},"1":{"name":"(anonymous_1)","decl":{"start":{"line":18,"column":29},"end":{"line":18,"column":34}},"loc":{"start":{"line":18,"column":71},"end":{"line":38,"column":3}}},"2":{"name":"(anonymous_2)","decl":{"start":{"line":24,"column":11},"end":{"line":24,"column":14}},"loc":{"start":{"line":24,"column":16},"end":{"line":33,"column":11}}},"3":{"name":"(anonymous_3)","decl":{"start":{"line":40,"column":29},"end":{"line":40,"column":34}},"loc":{"start":{"line":44,"column":6},"end":{"line":55,"column":3}}},"4":{"name":"(anonymous_4)","decl":{"start":{"line":57,"column":25},"end":{"line":57,"column":28}},"loc":{"start":{"line":57,"column":31},"end":{"line":57,"column":59}}},"5":{"name":"(anonymous_5)","decl":{"start":{"line":57,"column":43},"end":{"line":57,"column":44}},"loc":{"start":{"line":57,"column":53},"end":{"line":57,"column":58}}},"6":{"name":"(anonymous_6)","decl":{"start":{"line":88,"column":30},"end":{"line":88,"column":50}},"loc":{"start":{"line":88,"column":52},"end":{"line":95,"column":1}}},"7":{"name":"(anonymous_7)","decl":{"start":{"line":92,"column":7},"end":{"line":92,"column":10}},"loc":{"start":{"line":92,"column":12},"end":{"line":94,"column":7}}}},"branchMap":{"0":{"loc":{"start":{"line":23,"column":6},"end":{"line":34,"column":47}},"type":"cond-expr","locations":[{"start":{"line":24,"column":10},"end":{"line":33,"column":14}},{"start":{"line":34,"column":10},"end":{"line":34,"column":47}}]},"1":{"loc":{"start":{"line":66,"column":22},"end":{"line":68,"column":34}},"type":"cond-expr","locations":[{"start":{"line":67,"column":12},"end":{"line":67,"column":34}},{"start":{"line":68,"column":12},"end":{"line":68,"column":34}}]},"2":{"loc":{"start":{"line":69,"column":28},"end":{"line":71,"column":40}},"type":"cond-expr","locations":[{"start":{"line":70,"column":12},"end":{"line":70,"column":40}},{"start":{"line":71,"column":12},"end":{"line":71,"column":40}}]},"3":{"loc":{"start":{"line":72,"column":23},"end":{"line":74,"column":35}},"type":"cond-expr","locations":[{"start":{"line":73,"column":12},"end":{"line":73,"column":35}},{"start":{"line":74,"column":12},"end":{"line":74,"column":35}}]},"4":{"loc":{"start":{"line":75,"column":31},"end":{"line":77,"column":53}},"type":"cond-expr","locations":[{"start":{"line":76,"column":12},"end":{"line":76,"column":53}},{"start":{"line":77,"column":12},"end":{"line":77,"column":53}}]},"5":{"loc":{"start":{"line":90,"column":9},"end":{"line":94,"column":10}},"type":"cond-expr","locations":[{"start":{"line":91,"column":6},"end":{"line":91,"column":13}},{"start":{"line":92,"column":6},"end":{"line":94,"column":10}}]}},"s":{"0":2,"1":2,"2":2,"3":2,"4":2,"5":2,"6":4,"7":4,"8":4,"9":4,"10":1,"11":1,"12":1,"13":1,"14":1,"15":1,"16":1,"17":1,"18":1,"19":1,"20":1,"21":0,"22":4,"23":0,"24":0,"25":0,"26":0,"27":0,"28":0,"29":0,"30":4,"31":1,"32":1,"33":4,"34":2,"35":2,"36":4,"37":4,"38":0,"39":2},"f":{"0":4,"1":1,"2":1,"3":0,"4":1,"5":1,"6":4,"7":0},"b":{"0":[1,0],"1":[1,3],"2":[1,3],"3":[1,3],"4":[1,3],"5":[4,0]}}
,"C:\\Users\\Lauta\\OneDrive\\Escritorio\\Lemon\\LemonFE\\src\\context\\taskContext\\taskContext.tsx": {"path":"C:\\Users\\Lauta\\OneDrive\\Escritorio\\Lemon\\LemonFE\\src\\context\\taskContext\\taskContext.tsx","statementMap":{"0":{"start":{"line":1,"column":0},"end":{"line":1,"column":57}},"1":{"start":{"line":4,"column":0},"end":{"line":4,"column":40}},"2":{"start":{"line":6,"column":21},"end":{"line":6,"column":73}},"3":{"start":{"line":8,"column":70},"end":{"line":15,"column":1}},"4":{"start":{"line":11,"column":20},"end":{"line":11,"column":30}},"5":{"start":{"line":12,"column":2},"end":{"line":14,"column":4}},"6":{"start":{"line":8,"column":13},"end":{"line":8,"column":70}},"7":{"start":{"line":17,"column":31},"end":{"line":23,"column":1}},"8":{"start":{"line":18,"column":18},"end":{"line":18,"column":42}},"9":{"start":{"line":19,"column":2},"end":{"line":21,"column":3}},"10":{"start":{"line":20,"column":4},"end":{"line":20,"column":73}},"11":{"start":{"line":22,"column":2},"end":{"line":22,"column":17}},"12":{"start":{"line":17,"column":13},"end":{"line":17,"column":31}}},"fnMap":{"0":{"name":"(anonymous_0)","decl":{"start":{"line":8,"column":70},"end":{"line":8,"column":71}},"loc":{"start":{"line":10,"column":5},"end":{"line":15,"column":1}}},"1":{"name":"(anonymous_1)","decl":{"start":{"line":17,"column":31},"end":{"line":17,"column":50}},"loc":{"start":{"line":17,"column":52},"end":{"line":23,"column":1}}}},"branchMap":{"0":{"loc":{"start":{"line":19,"column":2},"end":{"line":21,"column":3}},"type":"if","locations":[{"start":{"line":19,"column":2},"end":{"line":21,"column":3}}]}},"s":{"0":1,"1":1,"2":1,"3":1,"4":0,"5":0,"6":1,"7":1,"8":0,"9":0,"10":0,"11":0,"12":1},"f":{"0":0,"1":0},"b":{"0":[0]}}
,"C:\\Users\\Lauta\\OneDrive\\Escritorio\\Lemon\\LemonFE\\src\\guard\\authWall.tsx": {"path":"C:\\Users\\Lauta\\OneDrive\\Escritorio\\Lemon\\LemonFE\\src\\guard\\authWall.tsx","statementMap":{"0":{"start":{"line":4,"column":24},"end":{"line":14,"column":1}},"1":{"start":{"line":5,"column":16},"end":{"line":5,"column":45}},"2":{"start":{"line":6,"column":22},"end":{"line":6,"column":57}},"3":{"start":{"line":7,"column":2},"end":{"line":7,"column":43}},"4":{"start":{"line":7,"column":30},"end":{"line":7,"column":43}},"5":{"start":{"line":8,"column":2},"end":{"line":12,"column":3}},"6":{"start":{"line":9,"column":4},"end":{"line":9,"column":37}},"7":{"start":{"line":10,"column":4},"end":{"line":10,"column":43}},"8":{"start":{"line":11,"column":4},"end":{"line":11,"column":17}},"9":{"start":{"line":13,"column":2},"end":{"line":13,"column":14}},"10":{"start":{"line":16,"column":28},"end":{"line":18,"column":1}},"11":{"start":{"line":17,"column":2},"end":{"line":17,"column":74}}},"fnMap":{"0":{"name":"(anonymous_0)","decl":{"start":{"line":4,"column":24},"end":{"line":4,"column":27}},"loc":{"start":{"line":4,"column":29},"end":{"line":14,"column":1}}},"1":{"name":"(anonymous_1)","decl":{"start":{"line":16,"column":28},"end":{"line":16,"column":31}},"loc":{"start":{"line":16,"column":33},"end":{"line":18,"column":1}}}},"branchMap":{"0":{"loc":{"start":{"line":7,"column":2},"end":{"line":7,"column":43}},"type":"if","locations":[{"start":{"line":7,"column":2},"end":{"line":7,"column":43}}]},"1":{"loc":{"start":{"line":7,"column":6},"end":{"line":7,"column":28}},"type":"binary-expr","locations":[{"start":{"line":7,"column":6},"end":{"line":7,"column":12}},{"start":{"line":7,"column":16},"end":{"line":7,"column":28}}]},"2":{"loc":{"start":{"line":8,"column":2},"end":{"line":12,"column":3}},"type":"if","locations":[{"start":{"line":8,"column":2},"end":{"line":12,"column":3}}]},"3":{"loc":{"start":{"line":17,"column":9},"end":{"line":17,"column":73}},"type":"cond-expr","locations":[{"start":{"line":17,"column":29},"end":{"line":17,"column":39}},{"start":{"line":17,"column":42},"end":{"line":17,"column":73}}]}},"s":{"0":0,"1":0,"2":0,"3":0,"4":0,"5":0,"6":0,"7":0,"8":0,"9":0,"10":0,"11":0},"f":{"0":0,"1":0},"b":{"0":[0],"1":[0,0],"2":[0],"3":[0,0]}}
,"C:\\Users\\Lauta\\OneDrive\\Escritorio\\Lemon\\LemonFE\\src\\guard\\public\\public.tsx": {"path":"C:\\Users\\Lauta\\OneDrive\\Escritorio\\Lemon\\LemonFE\\src\\guard\\public\\public.tsx","statementMap":{"0":{"start":{"line":4,"column":30},"end":{"line":10,"column":1}},"1":{"start":{"line":5,"column":2},"end":{"line":8,"column":3}},"2":{"start":{"line":6,"column":4},"end":{"line":6,"column":37}},"3":{"start":{"line":7,"column":4},"end":{"line":7,"column":43}},"4":{"start":{"line":9,"column":2},"end":{"line":9,"column":20}}},"fnMap":{"0":{"name":"(anonymous_0)","decl":{"start":{"line":4,"column":30},"end":{"line":4,"column":33}},"loc":{"start":{"line":4,"column":35},"end":{"line":10,"column":1}}}},"branchMap":{"0":{"loc":{"start":{"line":5,"column":2},"end":{"line":8,"column":3}},"type":"if","locations":[{"start":{"line":5,"column":2},"end":{"line":8,"column":3}}]}},"s":{"0":0,"1":0,"2":0,"3":0,"4":0},"f":{"0":0},"b":{"0":[0]}}
,"C:\\Users\\Lauta\\OneDrive\\Escritorio\\Lemon\\LemonFE\\src\\hooks\\useAuthRedirect.ts": {"path":"C:\\Users\\Lauta\\OneDrive\\Escritorio\\Lemon\\LemonFE\\src\\hooks\\useAuthRedirect.ts","statementMap":{"0":{"start":{"line":5,"column":24},"end":{"line":15,"column":1}},"1":{"start":{"line":6,"column":30},"end":{"line":6,"column":46}},"2":{"start":{"line":7,"column":19},"end":{"line":7,"column":32}},"3":{"start":{"line":8,"column":19},"end":{"line":8,"column":32}},"4":{"start":{"line":10,"column":2},"end":{"line":14,"column":44}},"5":{"start":{"line":11,"column":4},"end":{"line":13,"column":5}},"6":{"start":{"line":12,"column":6},"end":{"line":12,"column":31}}},"fnMap":{"0":{"name":"(anonymous_0)","decl":{"start":{"line":5,"column":24},"end":{"line":5,"column":27}},"loc":{"start":{"line":5,"column":29},"end":{"line":15,"column":1}}},"1":{"name":"(anonymous_1)","decl":{"start":{"line":10,"column":12},"end":{"line":10,"column":15}},"loc":{"start":{"line":10,"column":17},"end":{"line":14,"column":3}}}},"branchMap":{"0":{"loc":{"start":{"line":11,"column":4},"end":{"line":13,"column":5}},"type":"if","locations":[{"start":{"line":11,"column":4},"end":{"line":13,"column":5}}]}},"s":{"0":0,"1":0,"2":0,"3":0,"4":0,"5":0,"6":0},"f":{"0":0,"1":0},"b":{"0":[0]}}
,"C:\\Users\\Lauta\\OneDrive\\Escritorio\\Lemon\\LemonFE\\src\\hooks\\useAutoFocus.ts": {"path":"C:\\Users\\Lauta\\OneDrive\\Escritorio\\Lemon\\LemonFE\\src\\hooks\\useAutoFocus.ts","statementMap":{"0":{"start":{"line":3,"column":21},"end":{"line":11,"column":1}},"1":{"start":{"line":4,"column":19},"end":{"line":4,"column":49}},"2":{"start":{"line":6,"column":2},"end":{"line":8,"column":20}},"3":{"start":{"line":7,"column":4},"end":{"line":7,"column":51}},"4":{"start":{"line":10,"column":2},"end":{"line":10,"column":18}}},"fnMap":{"0":{"name":"(anonymous_0)","decl":{"start":{"line":3,"column":21},"end":{"line":3,"column":22}},"loc":{"start":{"line":3,"column":46},"end":{"line":11,"column":1}}},"1":{"name":"(anonymous_1)","decl":{"start":{"line":6,"column":12},"end":{"line":6,"column":15}},"loc":{"start":{"line":6,"column":17},"end":{"line":8,"column":3}}}},"branchMap":{"0":{"loc":{"start":{"line":7,"column":4},"end":{"line":7,"column":50}},"type":"cond-expr","locations":[{"start":{"line":7,"column":18},"end":{"line":7,"column":43}},{"start":{"line":7,"column":46},"end":{"line":7,"column":50}}]}},"s":{"0":0,"1":0,"2":0,"3":0,"4":0},"f":{"0":0,"1":0},"b":{"0":[0,0]}}
,"C:\\Users\\Lauta\\OneDrive\\Escritorio\\Lemon\\LemonFE\\src\\hooks\\useAutoSubmit.ts": {"path":"C:\\Users\\Lauta\\OneDrive\\Escritorio\\Lemon\\LemonFE\\src\\hooks\\useAutoSubmit.ts","statementMap":{"0":{"start":{"line":11,"column":22},"end":{"line":27,"column":1}},"1":{"start":{"line":18,"column":2},"end":{"line":26,"column":71}},"2":{"start":{"line":19,"column":4},"end":{"line":25,"column":5}},"3":{"start":{"line":20,"column":6},"end":{"line":20,"column":44}},"4":{"start":{"line":21,"column":6},"end":{"line":21,"column":50}},"5":{"start":{"line":22,"column":6},"end":{"line":24,"column":7}},"6":{"start":{"line":23,"column":8},"end":{"line":23,"column":48}}},"fnMap":{"0":{"name":"(anonymous_0)","decl":{"start":{"line":11,"column":22},"end":{"line":11,"column":23}},"loc":{"start":{"line":17,"column":25},"end":{"line":27,"column":1}}},"1":{"name":"(anonymous_1)","decl":{"start":{"line":18,"column":12},"end":{"line":18,"column":15}},"loc":{"start":{"line":18,"column":17},"end":{"line":26,"column":3}}}},"branchMap":{"0":{"loc":{"start":{"line":19,"column":4},"end":{"line":25,"column":5}},"type":"if","locations":[{"start":{"line":19,"column":4},"end":{"line":25,"column":5}}]},"1":{"loc":{"start":{"line":19,"column":8},"end":{"line":19,"column":47}},"type":"binary-expr","locations":[{"start":{"line":19,"column":8},"end":{"line":19,"column":24}},{"start":{"line":19,"column":28},"end":{"line":19,"column":47}}]},"2":{"loc":{"start":{"line":22,"column":6},"end":{"line":24,"column":7}},"type":"if","locations":[{"start":{"line":22,"column":6},"end":{"line":24,"column":7}}]},"3":{"loc":{"start":{"line":22,"column":10},"end":{"line":22,"column":41}},"type":"binary-expr","locations":[{"start":{"line":22,"column":10},"end":{"line":22,"column":22}},{"start":{"line":22,"column":26},"end":{"line":22,"column":41}}]}},"s":{"0":0,"1":0,"2":0,"3":0,"4":0,"5":0,"6":0},"f":{"0":0,"1":0},"b":{"0":[0],"1":[0,0],"2":[0],"3":[0,0]}}
,"C:\\Users\\Lauta\\OneDrive\\Escritorio\\Lemon\\LemonFE\\src\\hooks\\useBackendTasks.ts": {"path":"C:\\Users\\Lauta\\OneDrive\\Escritorio\\Lemon\\LemonFE\\src\\hooks\\useBackendTasks.ts","statementMap":{"0":{"start":{"line":6,"column":24},"end":{"line":64,"column":1}},"1":{"start":{"line":13,"column":2},"end":{"line":63,"column":75}},"2":{"start":{"line":14,"column":32},"end":{"line":61,"column":5}},"3":{"start":{"line":15,"column":6},"end":{"line":60,"column":7}},"4":{"start":{"line":16,"column":29},"end":{"line":18,"column":18}},"5":{"start":{"line":19,"column":25},"end":{"line":19,"column":55}},"6":{"start":{"line":20,"column":8},"end":{"line":57,"column":9}},"7":{"start":{"line":21,"column":46},"end":{"line":21,"column":59}},"8":{"start":{"line":22,"column":35},"end":{"line":38,"column":null}},"9":{"start":{"line":27,"column":44},"end":{"line":34,"column":16}},"10":{"start":{"line":35,"column":14},"end":{"line":35,"column":56}},"11":{"start":{"line":36,"column":14},"end":{"line":36,"column":25}},"12":{"start":{"line":40,"column":10},"end":{"line":40,"column":37}},"13":{"start":{"line":41,"column":53},"end":{"line":45,"column":12}},"14":{"start":{"line":46,"column":10},"end":{"line":55,"column":13}},"15":{"start":{"line":47,"column":27},"end":{"line":47,"column":45}},"16":{"start":{"line":48,"column":12},"end":{"line":54,"column":13}},"17":{"start":{"line":49,"column":14},"end":{"line":49,"column":58}},"18":{"start":{"line":50,"column":19},"end":{"line":54,"column":13}},"19":{"start":{"line":51,"column":14},"end":{"line":51,"column":58}},"20":{"start":{"line":52,"column":19},"end":{"line":54,"column":13}},"21":{"start":{"line":53,"column":14},"end":{"line":53,"column":58}},"22":{"start":{"line":56,"column":10},"end":{"line":56,"column":33}},"23":{"start":{"line":59,"column":8},"end":{"line":59,"column":67}},"24":{"start":{"line":62,"column":4},"end":{"line":62,"column":26}}},"fnMap":{"0":{"name":"(anonymous_0)","decl":{"start":{"line":6,"column":24},"end":{"line":6,"column":25}},"loc":{"start":{"line":12,"column":28},"end":{"line":64,"column":1}}},"1":{"name":"(anonymous_1)","decl":{"start":{"line":13,"column":12},"end":{"line":13,"column":15}},"loc":{"start":{"line":13,"column":17},"end":{"line":63,"column":3}}},"2":{"name":"(anonymous_2)","decl":{"start":{"line":14,"column":32},"end":{"line":14,"column":37}},"loc":{"start":{"line":14,"column":43},"end":{"line":61,"column":5}}},"3":{"name":"(anonymous_3)","decl":{"start":{"line":23,"column":12},"end":{"line":23,"column":null}},"loc":{"start":{"line":26,"column":38},"end":{"line":37,"column":13}}},"4":{"name":"(anonymous_4)","decl":{"start":{"line":46,"column":31},"end":{"line":46,"column":32}},"loc":{"start":{"line":46,"column":53},"end":{"line":55,"column":11}}}},"branchMap":{"0":{"loc":{"start":{"line":16,"column":29},"end":{"line":18,"column":18}},"type":"cond-expr","locations":[{"start":{"line":17,"column":12},"end":{"line":17,"column":45}},{"start":{"line":18,"column":12},"end":{"line":18,"column":18}}]},"1":{"loc":{"start":{"line":17,"column":12},"end":{"line":17,"column":45}},"type":"binary-expr","locations":[{"start":{"line":17,"column":12},"end":{"line":17,"column":32}},{"start":{"line":17,"column":36},"end":{"line":17,"column":45}}]},"2":{"loc":{"start":{"line":20,"column":8},"end":{"line":57,"column":9}},"type":"if","locations":[{"start":{"line":20,"column":8},"end":{"line":57,"column":9}}]},"3":{"loc":{"start":{"line":20,"column":12},"end":{"line":20,"column":57}},"type":"binary-expr","locations":[{"start":{"line":20,"column":12},"end":{"line":20,"column":25}},{"start":{"line":20,"column":29},"end":{"line":20,"column":57}}]},"4":{"loc":{"start":{"line":48,"column":12},"end":{"line":54,"column":13}},"type":"if","locations":[{"start":{"line":48,"column":12},"end":{"line":54,"column":13}},{"start":{"line":50,"column":19},"end":{"line":54,"column":13}}]},"5":{"loc":{"start":{"line":50,"column":19},"end":{"line":54,"column":13}},"type":"if","locations":[{"start":{"line":50,"column":19},"end":{"line":54,"column":13}},{"start":{"line":52,"column":19},"end":{"line":54,"column":13}}]},"6":{"loc":{"start":{"line":52,"column":19},"end":{"line":54,"column":13}},"type":"if","locations":[{"start":{"line":52,"column":19},"end":{"line":54,"column":13}}]}},"s":{"0":0,"1":0,"2":0,"3":0,"4":0,"5":0,"6":0,"7":0,"8":0,"9":0,"10":0,"11":0,"12":0,"13":0,"14":0,"15":0,"16":0,"17":0,"18":0,"19":0,"20":0,"21":0,"22":0,"23":0,"24":0},"f":{"0":0,"1":0,"2":0,"3":0,"4":0},"b":{"0":[0,0],"1":[0,0],"2":[0],"3":[0,0],"4":[0,0],"5":[0,0],"6":[0]}}
,"C:\\Users\\Lauta\\OneDrive\\Escritorio\\Lemon\\LemonFE\\src\\hooks\\useCollaboratorModal.ts": {"path":"C:\\Users\\Lauta\\OneDrive\\Escritorio\\Lemon\\LemonFE\\src\\hooks\\useCollaboratorModal.ts","statementMap":{"0":{"start":{"line":5,"column":29},"end":{"line":34,"column":1}},"1":{"start":{"line":8,"column":64},"end":{"line":8,"column":79}},"2":{"start":{"line":9,"column":52},"end":{"line":9,"column":64}},"3":{"start":{"line":11,"column":32},"end":{"line":14,"column":3}},"4":{"start":{"line":12,"column":4},"end":{"line":12,"column":29}},"5":{"start":{"line":13,"column":4},"end":{"line":13,"column":37}},"6":{"start":{"line":16,"column":33},"end":{"line":19,"column":3}},"7":{"start":{"line":17,"column":4},"end":{"line":17,"column":38}},"8":{"start":{"line":18,"column":4},"end":{"line":18,"column":29}},"9":{"start":{"line":21,"column":27},"end":{"line":24,"column":3}},"10":{"start":{"line":22,"column":4},"end":{"line":22,"column":39}},"11":{"start":{"line":23,"column":4},"end":{"line":23,"column":29}},"12":{"start":{"line":26,"column":2},"end":{"line":33,"column":4}}},"fnMap":{"0":{"name":"(anonymous_0)","decl":{"start":{"line":5,"column":29},"end":{"line":5,"column":30}},"loc":{"start":{"line":7,"column":32},"end":{"line":34,"column":1}}},"1":{"name":"(anonymous_1)","decl":{"start":{"line":11,"column":32},"end":{"line":11,"column":35}},"loc":{"start":{"line":11,"column":37},"end":{"line":14,"column":3}}},"2":{"name":"(anonymous_2)","decl":{"start":{"line":16,"column":33},"end":{"line":16,"column":36}},"loc":{"start":{"line":16,"column":38},"end":{"line":19,"column":3}}},"3":{"name":"(anonymous_3)","decl":{"start":{"line":21,"column":27},"end":{"line":21,"column":30}},"loc":{"start":{"line":21,"column":32},"end":{"line":24,"column":3}}}},"branchMap":{},"s":{"0":0,"1":0,"2":0,"3":0,"4":0,"5":0,"6":0,"7":0,"8":0,"9":0,"10":0,"11":0,"12":0},"f":{"0":0,"1":0,"2":0,"3":0},"b":{}}
,"C:\\Users\\Lauta\\OneDrive\\Escritorio\\Lemon\\LemonFE\\src\\hooks\\useCollaborators.ts": {"path":"C:\\Users\\Lauta\\OneDrive\\Escritorio\\Lemon\\LemonFE\\src\\hooks\\useCollaborators.ts","statementMap":{"0":{"start":{"line":11,"column":25},"end":{"line":78,"column":1}},"1":{"start":{"line":12,"column":44},"end":{"line":12,"column":72}},"2":{"start":{"line":14,"column":2},"end":{"line":45,"column":9}},"3":{"start":{"line":15,"column":30},"end":{"line":42,"column":5}},"4":{"start":{"line":16,"column":6},"end":{"line":41,"column":7}},"5":{"start":{"line":17,"column":25},"end":{"line":17,"column":51}},"6":{"start":{"line":18,"column":49},"end":{"line":18,"column":51}},"7":{"start":{"line":20,"column":8},"end":{"line":35,"column":9}},"8":{"start":{"line":21,"column":10},"end":{"line":24,"column":14}},"9":{"start":{"line":21,"column":64},"end":{"line":24,"column":12}},"10":{"start":{"line":25,"column":15},"end":{"line":35,"column":9}},"11":{"start":{"line":26,"column":10},"end":{"line":29,"column":14}},"12":{"start":{"line":26,"column":59},"end":{"line":29,"column":12}},"13":{"start":{"line":31,"column":10},"end":{"line":34,"column":12}},"14":{"start":{"line":37,"column":8},"end":{"line":37,"column":45}},"15":{"start":{"line":39,"column":8},"end":{"line":39,"column":62}},"16":{"start":{"line":40,"column":8},"end":{"line":40,"column":59}},"17":{"start":{"line":44,"column":4},"end":{"line":44,"column":24}},"18":{"start":{"line":47,"column":33},"end":{"line":59,"column":3}},"19":{"start":{"line":48,"column":4},"end":{"line":51,"column":5}},"20":{"start":{"line":49,"column":6},"end":{"line":49,"column":61}},"21":{"start":{"line":50,"column":6},"end":{"line":50,"column":13}},"22":{"start":{"line":52,"column":4},"end":{"line":58,"column":5}},"23":{"start":{"line":53,"column":6},"end":{"line":53,"column":66}},"24":{"start":{"line":54,"column":6},"end":{"line":54,"column":67}},"25":{"start":{"line":56,"column":6},"end":{"line":56,"column":57}},"26":{"start":{"line":57,"column":6},"end":{"line":57,"column":54}},"27":{"start":{"line":61,"column":36},"end":{"line":70,"column":3}},"28":{"start":{"line":62,"column":4},"end":{"line":69,"column":5}},"29":{"start":{"line":63,"column":6},"end":{"line":63,"column":35}},"30":{"start":{"line":64,"column":6},"end":{"line":64,"column":76}},"31":{"start":{"line":64,"column":33},"end":{"line":64,"column":74}},"32":{"start":{"line":64,"column":57},"end":{"line":64,"column":73}},"33":{"start":{"line":65,"column":6},"end":{"line":65,"column":64}},"34":{"start":{"line":67,"column":6},"end":{"line":67,"column":59}},"35":{"start":{"line":68,"column":6},"end":{"line":68,"column":56}},"36":{"start":{"line":72,"column":2},"end":{"line":77,"column":4}}},"fnMap":{"0":{"name":"(anonymous_0)","decl":{"start":{"line":11,"column":25},"end":{"line":11,"column":28}},"loc":{"start":{"line":11,"column":30},"end":{"line":78,"column":1}}},"1":{"name":"(anonymous_1)","decl":{"start":{"line":14,"column":12},"end":{"line":14,"column":15}},"loc":{"start":{"line":14,"column":17},"end":{"line":45,"column":3}}},"2":{"name":"(anonymous_2)","decl":{"start":{"line":15,"column":30},"end":{"line":15,"column":35}},"loc":{"start":{"line":15,"column":41},"end":{"line":42,"column":5}}},"3":{"name":"(anonymous_3)","decl":{"start":{"line":21,"column":49},"end":{"line":21,"column":50}},"loc":{"start":{"line":21,"column":64},"end":{"line":24,"column":12}}},"4":{"name":"(anonymous_4)","decl":{"start":{"line":26,"column":44},"end":{"line":26,"column":45}},"loc":{"start":{"line":26,"column":59},"end":{"line":29,"column":12}}},"5":{"name":"(anonymous_5)","decl":{"start":{"line":47,"column":33},"end":{"line":47,"column":38}},"loc":{"start":{"line":47,"column":62},"end":{"line":59,"column":3}}},"6":{"name":"(anonymous_6)","decl":{"start":{"line":61,"column":36},"end":{"line":61,"column":41}},"loc":{"start":{"line":61,"column":57},"end":{"line":70,"column":3}}},"7":{"name":"(anonymous_7)","decl":{"start":{"line":64,"column":23},"end":{"line":64,"column":24}},"loc":{"start":{"line":64,"column":33},"end":{"line":64,"column":74}}},"8":{"name":"(anonymous_8)","decl":{"start":{"line":64,"column":45},"end":{"line":64,"column":46}},"loc":{"start":{"line":64,"column":57},"end":{"line":64,"column":73}}}},"branchMap":{"0":{"loc":{"start":{"line":20,"column":8},"end":{"line":35,"column":9}},"type":"if","locations":[{"start":{"line":20,"column":8},"end":{"line":35,"column":9}},{"start":{"line":25,"column":15},"end":{"line":35,"column":9}}]},"1":{"loc":{"start":{"line":20,"column":12},"end":{"line":20,"column":69}},"type":"binary-expr","locations":[{"start":{"line":20,"colum
[...]
line":50,"column":4},"end":{"line":50,"column":32}},"16":{"start":{"line":51,"column":4},"end":{"line":55,"column":7}},"17":{"start":{"line":52,"column":23},"end":{"line":52,"column":34}},"18":{"start":{"line":53,"column":6},"end":{"line":53,"column":30}},"19":{"start":{"line":54,"column":6},"end":{"line":54,"column":22}},"20":{"start":{"line":56,"column":4},"end":{"line":59,"column":7}},"21":{"start":{"line":62,"column":31},"end":{"line":72,"column":3}},"22":{"start":{"line":63,"column":4},"end":{"line":63,"column":53}},"23":{"start":{"line":64,"column":4},"end":{"line":67,"column":8}},"24":{"start":{"line":64,"column":24},"end":{"line":67,"column":6}},"25":{"start":{"line":68,"column":4},"end":{"line":71,"column":7}},"26":{"start":{"line":74,"column":27},"end":{"line":87,"column":3}},"27":{"start":{"line":75,"column":4},"end":{"line":77,"column":5}},"28":{"start":{"line":76,"column":6},"end":{"line":76,"column":13}},"29":{"start":{"line":78,"column":4},"end":{"line":78,"column":46}},"30":{"start":{"line":79,"column":4},"end":{"line":82,"column":8}},"31":{"start":{"line":79,"column":24},"end":{"line":82,"column":6}},"32":{"start":{"line":83,"column":4},"end":{"line":86,"column":7}},"33":{"start":{"line":89,"column":2},"end":{"line":97,"column":4}}},"fnMap":{"0":{"name":"(anonymous_0)","decl":{"start":{"line":12,"column":17},"end":{"line":12,"column":20}},"loc":{"start":{"line":12,"column":22},"end":{"line":98,"column":1}}},"1":{"name":"(anonymous_1)","decl":{"start":{"line":15,"column":21},"end":{"line":15,"column":26}},"loc":{"start":{"line":18,"column":21},"end":{"line":31,"column":3}}},"2":{"name":"(anonymous_2)","decl":{"start":{"line":29,"column":13},"end":{"line":29,"column":14}},"loc":{"start":{"line":29,"column":24},"end":{"line":29,"column":58}}},"3":{"name":"(anonymous_3)","decl":{"start":{"line":33,"column":21},"end":{"line":33,"column":26}},"loc":{"start":{"line":37,"column":6},"end":{"line":47,"column":3}}},"4":{"name":"(anonymous_4)","decl":{"start":{"line":39,"column":13},"end":{"line":39,"column":14}},"loc":{"start":{"line":39,"column":24},"end":{"line":42,"column":6}}},"5":{"name":"(anonymous_5)","decl":{"start":{"line":49,"column":21},"end":{"line":49,"column":26}},"loc":{"start":{"line":49,"column":46},"end":{"line":60,"column":3}}},"6":{"name":"(anonymous_6)","decl":{"start":{"line":51,"column":13},"end":{"line":51,"column":14}},"loc":{"start":{"line":51,"column":22},"end":{"line":55,"column":5}}},"7":{"name":"(anonymous_7)","decl":{"start":{"line":62,"column":31},"end":{"line":62,"column":36}},"loc":{"start":{"line":62,"column":76},"end":{"line":72,"column":3}}},"8":{"name":"(anonymous_8)","decl":{"start":{"line":64,"column":13},"end":{"line":64,"column":14}},"loc":{"start":{"line":64,"column":24},"end":{"line":67,"column":6}}},"9":{"name":"(anonymous_9)","decl":{"start":{"line":74,"column":27},"end":{"line":74,"column":32}},"loc":{"start":{"line":74,"column":68},"end":{"line":87,"column":3}}},"10":{"name":"(anonymous_10)","decl":{"start":{"line":79,"column":13},"end":{"line":79,"column":14}},"loc":{"start":{"line":79,"column":24},"end":{"line":82,"column":6}}}},"branchMap":{"0":{"loc":{"start":{"line":75,"column":4},"end":{"line":77,"column":5}},"type":"if","locations":[{"start":{"line":75,"column":4},"end":{"line":77,"column":5}}]}},"s":{"0":0,"1":0,"2":0,"3":0,"4":0,"5":0,"6":0,"7":0,"8":0,"9":0,"10":0,"11":0,"12":0,"13":0,"14":0,"15":0,"16":0,"17":0,"18":0,"19":0,"20":0,"21":0,"22":0,"23":0,"24":0,"25":0,"26":0,"27":0,"28":0,"29":0,"30":0,"31":0,"32":0,"33":0},"f":{"0":0,"1":0,"2":0,"3":0,"4":0,"5":0,"6":0,"7":0,"8":0,"9":0,"10":0},"b":{"0":[0]}}
,"C:\\Users\\Lauta\\OneDrive\\Escritorio\\Lemon\\LemonFE\\src\\mocks\\collaborators\\collaboratorMocks.ts": {"path":"C:\\Users\\Lauta\\OneDrive\\Escritorio\\Lemon\\LemonFE\\src\\mocks\\collaborators\\collaboratorMocks.ts","statementMap":{"0":{"start":{"line":1,"column":33},"end":{"line":6,"column":2}},"1":{"start":{"line":8,"column":38},"end":{"line":8,"column":67}},"2":{"start":{"line":10,"column":36},"end":{"line":10,"column":75}}},"fnMap":{},"branchMap":{},"s":{"0":0,"1":0,"2":0},"f":{},"b":{}}
,"C:\\Users\\Lauta\\OneDrive\\Escritorio\\Lemon\\LemonFE\\src\\mocks\\config\\lazyLoaderMock.tsx": {"path":"C:\\Users\\Lauta\\OneDrive\\Escritorio\\Lemon\\LemonFE\\src\\mocks\\config\\lazyLoaderMock.tsx","statementMap":{"0":{"start":{"line":1,"column":22},"end":{"line":15,"column":null}},"1":{"start":{"line":12,"column":2},"end":{"line":14,"column":null}}},"fnMap":{"0":{"name":"(anonymous_0)","decl":{"start":{"line":1,"column":22},"end":{"line":1,"column":23}},"loc":{"start":{"line":12,"column":2},"end":{"line":14,"column":null}}}},"branchMap":{"0":{"loc":{"start":{"line":13,"column":29},"end":{"line":13,"column":66}},"type":"cond-expr","locations":[{"start":{"line":13,"column":41},"end":{"line":13,"column":50}},{"start":{"line":13,"column":53},"end":{"line":13,"column":66}}]}},"s":{"0":0,"1":0},"f":{"0":0},"b":{"0":[0,0]}}
,"C:\\Users\\Lauta\\OneDrive\\Escritorio\\Lemon\\LemonFE\\src\\mocks\\config\\toastConfigMock.tsx": {"path":"C:\\Users\\Lauta\\OneDrive\\Escritorio\\Lemon\\LemonFE\\src\\mocks\\config\\toastConfigMock.tsx","statementMap":{"0":{"start":{"line":3,"column":0},"end":{"line":10,"column":3}},"1":{"start":{"line":4,"column":2},"end":{"line":9,"column":4}},"2":{"start":{"line":12,"column":25},"end":{"line":26,"column":2}},"3":{"start":{"line":13,"column":25},"end":{"line":17,"column":4}},"4":{"start":{"line":19,"column":23},"end":{"line":19,"column":56}},"5":{"start":{"line":21,"column":2},"end":{"line":25,"column":3}},"6":{"start":{"line":22,"column":4},"end":{"line":22,"column":41}},"7":{"start":{"line":23,"column":9},"end":{"line":25,"column":3}},"8":{"start":{"line":24,"column":4},"end":{"line":24,"column":39}}},"fnMap":{"0":{"name":"(anonymous_0)","decl":{"start":{"line":3,"column":28},"end":{"line":3,"column":31}},"loc":{"start":{"line":3,"column":33},"end":{"line":10,"column":1}}},"1":{"name":"(anonymous_1)","decl":{"start":{"line":12,"column":33},"end":{"line":12,"column":34}},"loc":{"start":{"line":12,"column":65},"end":{"line":26,"column":1}}}},"branchMap":{"0":{"loc":{"start":{"line":12,"column":49},"end":{"line":12,"column":61}},"type":"default-arg","locations":[{"start":{"line":12,"column":59},"end":{"line":12,"column":61}}]},"1":{"loc":{"start":{"line":21,"column":2},"end":{"line":25,"column":3}},"type":"if","locations":[{"start":{"line":21,"column":2},"end":{"line":25,"column":3}},{"start":{"line":23,"column":9},"end":{"line":25,"column":3}}]},"2":{"loc":{"start":{"line":23,"column":9},"end":{"line":25,"column":3}},"type":"if","locations":[{"start":{"line":23,"column":9},"end":{"line":25,"column":3}}]}},"s":{"0":0,"1":0,"2":0,"3":0,"4":0,"5":0,"6":0,"7":0,"8":0},"f":{"0":0,"1":0},"b":{"0":[0],"1":[0,0],"2":[0]}}
,"C:\\Users\\Lauta\\OneDrive\\Escritorio\\Lemon\\LemonFE\\src\\mocks\\tasks\\tasksMocks.ts": {"path":"C:\\Users\\Lauta\\OneDrive\\Escritorio\\Lemon\\LemonFE\\src\\mocks\\tasks\\tasksMocks.ts","statementMap":{"0":{"start":{"line":1,"column":26},"end":{"line":18,"column":2}}},"fnMap":{},"branchMap":{},"s":{"0":0},"f":{},"b":{}}
,"C:\\Users\\Lauta\\OneDrive\\Escritorio\\Lemon\\LemonFE\\src\\pages\\auth.tsx": {"path":"C:\\Users\\Lauta\\OneDrive\\Escritorio\\Lemon\\LemonFE\\src\\pages\\auth.tsx","statementMap":{"0":{"start":{"line":6,"column":23},"end":{"line":13,"column":1}},"1":{"start":{"line":7,"column":2},"end":{"line":12,"column":4}}},"fnMap":{"0":{"name":"(anonymous_0)","decl":{"start":{"line":6,"column":23},"end":{"line":6,"column":26}},"loc":{"start":{"line":6,"column":28},"end":{"line":13,"column":1}}}},"branchMap":{},"s":{"0":0,"1":0},"f":{"0":0},"b":{}}
,"C:\\Users\\Lauta\\OneDrive\\Escritorio\\Lemon\\LemonFE\\src\\pages\\taskManager.tsx": {"path":"C:\\Users\\Lauta\\OneDrive\\Escritorio\\Lemon\\LemonFE\\src\\pages\\taskManager.tsx","statementMap":{"0":{"start":{"line":5,"column":30},"end":{"line":11,"column":1}},"1":{"start":{"line":6,"column":2},"end":{"line":10,"column":4}}},"fnMap":{"0":{"name":"(anonymous_0)","decl":{"start":{"line":5,"column":30},"end":{"line":5,"column":33}},"loc":{"start":{"line":5,"column":35},"end":{"line":11,"column":1}}}},"branchMap":{},"s":{"0":0,"1":0},"f":{"0":0},"b":{}}
,"C:\\Users\\Lauta\\OneDrive\\Escritorio\\Lemon\\LemonFE\\src\\routes\\appRoutes.tsx": {"path":"C:\\Users\\Lauta\\OneDrive\\Escritorio\\Lemon\\LemonFE\\src\\routes\\appRoutes.tsx","statementMap":{"0":{"start":{"line":9,"column":28},"end":{"line":21,"column":1}},"1":{"start":{"line":10,"column":2},"end":{"line":20,"column":4}}},"fnMap":{"0":{"name":"(anonymous_0)","decl":{"start":{"line":9,"column":28},"end":{"line":9,"column":31}},"loc":{"start":{"line":9,"column":33},"end":{"line":21,"column":1}}}},"branchMap":{},"s":{"0":0,"1":0},"f":{"0":0},"b":{}}
,"C:\\Users\\Lauta\\OneDrive\\Escritorio\\Lemon\\LemonFE\\src\\services\\auth.service.ts": {"path":"C:\\Users\\Lauta\\OneDrive\\Escritorio\\Lemon\\LemonFE\\src\\services\\auth.service.ts","statementMap":{"0":{"start":{"line":1,"column":0},"end":{"line":1,"column":31}},"1":{"start":{"line":3,"column":0},"end":{"line":3,"column":42}},"2":{"start":{"line":5,"column":18},"end":{"line":5,"column":53}},"3":{"start":{"line":6,"column":21},"end":{"line":6,"column":59}},"4":{"start":{"line":7,"column":22},"end":{"line":10,"column":1}},"5":{"start":{"line":8,"column":19},"end":{"line":8,"column":55}},"6":{"start":{"line":9,"column":2},"end":{"line":9,"column":23}},"7":{"start":{"line":7,"column":13},"end":{"line":7,"column":22}},"8":{"start":{"line":12,"column":22},"end":{"line":15,"column":1}},"9":{"start":{"line":13,"column":19},"end":{"line":13,"column":58}},"10":{"start":{"line":14,"column":2},"end":{"line":14,"column":23}},"11":{"start":{"line":12,"column":13},"end":{"line":12,"column":22}}},"fnMap":{"0":{"name":"(anonymous_1)","decl":{"start":{"line":7,"column":22},"end":{"line":7,"column":27}},"loc":{"start":{"line":7,"column":55},"end":{"line":10,"column":1}}},"1":{"name":"(anonymous_2)","decl":{"start":{"line":12,"column":22},"end":{"line":12,"column":27}},"loc":{"start":{"line":12,"column":55},"end":{"line":15,"column":1}}}},"branchMap":{},"s":{"0":1,"1":1,"2":1,"3":1,"4":1,"5":0,"6":0,"7":1,"8":1,"9":0,"10":0,"11":1},"f":{"0":0,"1":0},"b":{}}
,"C:\\Users\\Lauta\\OneDrive\\Escritorio\\Lemon\\LemonFE\\src\\services\\task.service.ts": {"path":"C:\\Users\\Lauta\\OneDrive\\Escritorio\\Lemon\\LemonFE\\src\\services\\task.service.ts","statementMap":{"0":{"start":{"line":5,"column":30},"end":{"line":5,"column":60}},"1":{"start":{"line":6,"column":38},"end":{"line":6,"column":76}},"2":{"start":{"line":8,"column":26},"end":{"line":12,"column":1}},"3":{"start":{"line":9,"column":17},"end":{"line":9,"column":43}},"4":{"start":{"line":10,"column":19},"end":{"line":10,"column":59}},"5":{"start":{"line":11,"column":2},"end":{"line":11,"column":23}},"6":{"start":{"line":14,"column":26},"end":{"line":17,"column":1}},"7":{"start":{"line":15,"column":19},"end":{"line":15,"column":54}},"8":{"start":{"line":16,"column":2},"end":{"line":16,"column":23}},"9":{"start":{"line":19,"column":26},"end":{"line":22,"column":1}},"10":{"start":{"line":20,"column":19},"end":{"line":20,"column":68}},"11":{"start":{"line":21,"column":2},"end":{"line":21,"column":23}},"12":{"start":{"line":24,"column":32},"end":{"line":27,"column":1}},"13":{"start":{"line":25,"column":19},"end":{"line":25,"column":74}},"14":{"start":{"line":26,"column":2},"end":{"line":26,"column":23}},"15":{"start":{"line":29,"column":26},"end":{"line":31,"column":1}},"16":{"start":{"line":30,"column":2},"end":{"line":30,"column":49}},"17":{"start":{"line":33,"column":36},"end":{"line":39,"column":1}},"18":{"start":{"line":37,"column":19},"end":{"line":37,"column":79}},"19":{"start":{"line":38,"column":2},"end":{"line":38,"column":23}},"20":{"start":{"line":41,"column":34},"end":{"line":44,"column":1}},"21":{"start":{"line":42,"column":19},"end":{"line":42,"column":55}},"22":{"start":{"line":43,"column":2},"end":{"line":43,"column":23}},"23":{"start":{"line":46,"column":34},"end":{"line":49,"column":1}},"24":{"start":{"line":47,"column":19},"end":{"line":47,"column":62}},"25":{"start":{"line":48,"column":2},"end":{"line":48,"column":23}},"26":{"start":{"line":51,"column":34},"end":{"line":53,"column":1}},"27":{"start":{"line":52,"column":2},"end":{"line":52,"column":65}},"28":{"start":{"line":55,"column":44},"end":{"line":60,"column":1}},"29":{"start":{"line":56,"column":19},"end":{"line":58,"column":4}},"30":{"start":{"line":59,"column":2},"end":{"line":59,"column":23}},"31":{"start":{"line":62,"column":44},"end":{"line":67,"column":1}},"32":{"start":{"line":63,"column":19},"end":{"line":65,"column":4}},"33":{"start":{"line":66,"column":2},"end":{"line":66,"column":23}},"34":{"start":{"line":69,"column":34},"end":{"line":74,"column":1}},"35":{"start":{"line":70,"column":19},"end":{"line":72,"column":4}},"36":{"start":{"line":73,"column":2},"end":{"line":73,"column":23}}},"fnMap":{"0":{"name":"(anonymous_0)","decl":{"start":{"line":8,"column":26},"end":{"line":8,"column":31}},"loc":{"start":{"line":8,"column":53},"end":{"line":12,"column":1}}},"1":{"name":"(anonymous_1)","decl":{"start":{"line":14,"column":26},"end":{"line":14,"column":31}},"loc":{"start":{"line":14,"column":57},"end":{"line":17,"column":1}}},"2":{"name":"(anonymous_2)","decl":{"start":{"line":19,"column":26},"end":{"line":19,"column":31}},"loc":{"start":{"line":19,"column":73},"end":{"line":22,"column":1}}},"3":{"name":"(anonymous_3)","decl":{"start":{"line":24,"column":32},"end":{"line":24,"column":37}},"loc":{"start":{"line":24,"column":73},"end":{"line":27,"column":1}}},"4":{"name":"(anonymous_4)","decl":{"start":{"line":29,"column":26},"end":{"line":29,"column":31}},"loc":{"start":{"line":29,"column":51},"end":{"line":31,"column":1}}},"5":{"name":"(anonymous_5)","decl":{"start":{"line":33,"column":36},"end":{"line":33,"column":41}},"loc":{"start":{"line":36,"column":4},"end":{"line":39,"column":1}}},"6":{"name":"(anonymous_6)","decl":{"start":{"line":41,"column":34},"end":{"line":41,"column":39}},"loc":{"start":{"line":41,"column":45},"end":{"line":44,"column":1}}},"7":{"name":"(anonymous_7)","decl":{"start":{"line":46,"column":34},"end":{"line":46,"column":39}},"loc":{"start":{"line":46,"column":73},"end":{"line":49,"column":1}}},"8":{"name":"(anonymous_8)","decl":{"start":{"line":51,"column":34},"end":{"line":51,"column":39}},"loc":{"start":{"line":51,"column":67},"end":{"line":53,"column":1}}},"9":{"name":"(anonymous_9)","decl":{"start":{"line":55,"column":44},"end":{"line":55,"column":49}},"loc":{"start":{"line":55,"column":70},"end":{"line":60,"column":1}}},"10":{"name":"(anonymous_10)","decl":{"start":{"line":62,"column":44},"end":{"line":62,"column":49}},"loc":{"start":{"line":62,"column":70},"end":{"line":67,"column":1}}},"11":{"name":"(anonymous_11)","decl":{"start":{"line":69,"column":34},"end":{"line":69,"column":39}},"loc":{"start":{"line":69,"column":60},"end":{"line":74,"column":1}}}},"branchMap":{"0":{"loc":{"start":{"line":9,"column":17},"end":{"line":9,"column":43}},"type":"cond-expr","locations":[{"start":{"line":9,"column":27},"end":{"line":9,"column":38}},{"start":{"line":9,"column":41},"end":{"line":9,"column":43}}]}},"s":{"0":0,"1":0,"2":0,"3":0,"4":0,"5":0,"6":0,"7":0,"8":0,"9":0,"10":0,"11":0,"12":0,"13":0,"14":0,"15":0,"16":0,"17":0,"18":0,"19":0,"20":0,"21":0,"22":0,"23":0,"24":0,"25":0,"26":0,"27":0,"28":0,"29":0,"30":0,"31":0,"32":0,"33":0,"34":0,"35":0,"36":0},"f":{"0":0,"1":0,"2":0,"3":0,"4":0,"5":0,"6":0,"7":0,"8":0,"9":0,"10":0,"11":0},"b":{"0":[0,0]}}
,"C:\\Users\\Lauta\\OneDrive\\Escritorio\\Lemon\\LemonFE\\src\\utils\\authConstants.ts": {"path":"C:\\Users\\Lauta\\OneDrive\\Escritorio\\Lemon\\LemonFE\\src\\utils\\authConstants.ts","statementMap":{"0":{"start":{"line":1,"column":13},"end":{"line":16,"column":2}},"1":{"start":{"line":18,"column":13},"end":{"line":25,"column":2}},"2":{"start":{"line":27,"column":13},"end":{"line":36,"column":2}}},"fnMap":{},"branchMap":{},"s":{"0":1,"1":1,"2":1},"f":{},"b":{}}
,"C:\\Users\\Lauta\\OneDrive\\Escritorio\\Lemon\\LemonFE\\src\\utils\\collabConstants.ts": {"path":"C:\\Users\\Lauta\\OneDrive\\Escritorio\\Lemon\\LemonFE\\src\\utils\\collabConstants.ts","statementMap":{"0":{"start":{"line":1,"column":13},"end":{"line":5,"column":2}},"1":{"start":{"line":4,"column":4},"end":{"line":4,"column":67}},"2":{"start":{"line":7,"column":13},"end":{"line":10,"column":2}},"3":{"start":{"line":12,"column":13},"end":{"line":17,"column":2}},"4":{"start":{"line":19,"column":13},"end":{"line":23,"column":2}},"5":{"start":{"line":21,"column":4},"end":{"line":21,"column":51}},"6":{"start":{"line":25,"column":13},"end":{"line":32,"column":2}}},"fnMap":{"0":{"name":"(anonymous_0)","decl":{"start":{"line":3,"column":11},"end":{"line":3,"column":12}},"loc":{"start":{"line":4,"column":4},"end":{"line":4,"column":67}}},"1":{"name":"(anonymous_1)","decl":{"start":{"line":20,"column":25},"end":{"line":20,"column":26}},"loc":{"start":{"line":21,"column":4},"end":{"line":21,"column":51}}}},"branchMap":{},"s":{"0":2,"1":6,"2":2,"3":2,"4":2,"5":0,"6":2},"f":{"0":6,"1":0},"b":{}}
,"C:\\Users\\Lauta\\OneDrive\\Escritorio\\Lemon\\LemonFE\\src\\utils\\constants.ts": {"path":"C:\\Users\\Lauta\\OneDrive\\Escritorio\\Lemon\\LemonFE\\src\\utils\\constants.ts","statementMap":{"0":{"start":{"line":1,"column":13},"end":{"line":8,"column":2}},"1":{"start":{"line":10,"column":13},"end":{"line":15,"column":2}},"2":{"start":{"line":17,"column":13},"end":{"line":19,"column":2}},"3":{"start":{"line":21,"column":13},"end":{"line":26,"column":2}}},"fnMap":{},"branchMap":{},"s":{"0":1,"1":1,"2":1,"3":1},"f":{},"b":{}}
,"C:\\Users\\Lauta\\OneDrive\\Escritorio\\Lemon\\LemonFE\\src\\utils\\envHelper.ts": {"path":"C:\\Users\\Lauta\\OneDrive\\Escritorio\\Lemon\\LemonFE\\src\\utils\\envHelper.ts","statementMap":{"0":{"start":{"line":1,"column":22},"end":{"line":3,"column":1}},"1":{"start":{"line":2,"column":2},"end":{"line":2,"column":26}},"2":{"start":{"line":1,"column":13},"end":{"line":1,"column":22}}},"fnMap":{"0":{"name":"(anonymous_0)","decl":{"start":{"line":1,"column":22},"end":{"line":1,"column":23}},"loc":{"start":{"line":1,"column":58},"end":{"line":3,"column":1}}}},"branchMap":{},"s":{"0":1,"1":4,"2":1},"f":{"0":4},"b":{}}
,"C:\\Users\\Lauta\\OneDrive\\Escritorio\\Lemon\\LemonFE\\src\\utils\\tokenHelper.ts": {"path":"C:\\Users\\Lauta\\OneDrive\\Escritorio\\Lemon\\LemonFE\\src\\utils\\tokenHelper.ts","statementMap":{"0":{"start":{"line":1,"column":24},"end":{"line":1,"column":67}},"1":{"start":{"line":1,"column":30},"end":{"line":1,"column":67}},"2":{"start":{"line":1,"column":13},"end":{"line":1,"column":24}},"3":{"start":{"line":3,"column":24},"end":{"line":5,"column":1}},"4":{"start":{"line":4,"column":2},"end":{"line":4,"column":39}},"5":{"start":{"line":3,"column":13},"end":{"line":3,"column":24}},"6":{"start":{"line":7,"column":27},"end":{"line":9,"column":1}},"7":{"start":{"line":8,"column":2},"end":{"line":8,"column":35}},"8":{"start":{"line":7,"column":13},"end":{"line":7,"column":27}}},"fnMap":{"0":{"name":"(anonymous_0)","decl":{"start":{"line":1,"column":24},"end":{"line":1,"column":27}},"loc":{"start":{"line":1,"column":30},"end":{"line":1,"column":67}}},"1":{"name":"(anonymous_1)","decl":{"start":{"line":3,"column":24},"end":{"line":3,"column":25}},"loc":{"start":{"line":3,"column":42},"end":{"line":5,"column":1}}},"2":{"name":"(anonymous_2)","decl":{"start":{"line":7,"column":27},"end":{"line":7,"column":30}},"loc":{"start":{"line":7,"column":32},"end":{"line":9,"column":1}}}},"branchMap":{"0":{"loc":{"start":{"line":1,"column":30},"end":{"line":1,"column":67}},"type":"binary-expr","locations":[{"start":{"line":1,"column":30},"end":{"line":1,"column":59}},{"start":{"line":1,"column":63},"end":{"line":1,"column":67}}]}},"s":{"0":1,"1":0,"2":1,"3":1,"4":0,"5":1,"6":1,"7":0,"8":1},"f":{"0":0,"1":0,"2":0},"b":{"0":[0,0]}}
}
